TpTrace Verbose: 0 : 10568, 1, 2023/10/27, 18:40:14.123, 2645055644107, vstest.console.dll, Version: 17.5.0-release-20221220-01 Current process architecture: X64
TpTrace Verbose: 0 : 10568, 1, 2023/10/27, 18:40:14.124, 2645055658049, vstest.console.dll, Runtime location: C:\Program Files\dotnet\shared\Microsoft.NETCore.App\7.0.4
TpTrace Verbose: 0 : 10568, 1, 2023/10/27, 18:40:14.127, 2645055686253, vstest.console.dll, ArtifactProcessingPostProcessModeProcessorExecutor.Initialize: ArtifactProcessingMode.Collect
TpTrace Verbose: 0 : 10568, 1, 2023/10/27, 18:40:14.127, 2645055687464, vstest.console.dll, TestSessionCorrelationIdProcessorModeProcessorExecutor.Initialize: TestSessionCorrelationId '2668_660ee168-77e2-4c5f-94d1-bb2e1735a6fd'
TpTrace Information: 0 : 10568, 1, 2023/10/27, 18:40:14.136, 2645055772973, vstest.console.dll, FilePatternParser: The given file C:\Users\Владимир\Desktop\Политех\Инфа\ООП лабы 3 семак\Готовые лабы\Лаба 9\Код\Laba_9\bin\Debug\net6.0\fine-code-coverage\build-output\Laba_9.dll is a full path.
TpTrace Verbose: 0 : 10568, 1, 2023/10/27, 18:40:14.141, 2645055823119, vstest.console.dll, TestPluginCache.DiscoverTestExtensions: finding test extensions in assemblies ends with: RuntimeProvider.dll TPluginInfo: Microsoft.VisualStudio.TestPlatform.Common.ExtensionFramework.Utilities.TestRuntimePluginInformation TExtension: Microsoft.VisualStudio.TestPlatform.ObjectModel.Host.ITestRuntimeProvider
TpTrace Verbose: 0 : 10568, 1, 2023/10/27, 18:40:14.142, 2645055838797, vstest.console.dll, TestPluginCache.GetExtensionPaths: Filtered extension paths: 
TpTrace Verbose: 0 : 10568, 1, 2023/10/27, 18:40:14.143, 2645055839956, vstest.console.dll, TestPluginCache.GetExtensionPaths: Added default extension paths: C:\Program Files\dotnet\sdk\7.0.202\Extensions\Microsoft.Diagnostics.NETCore.Client.dll
C:\Program Files\dotnet\sdk\7.0.202\Extensions\Microsoft.TestPlatform.Extensions.BlameDataCollector.dll
C:\Program Files\dotnet\sdk\7.0.202\Extensions\Microsoft.TestPlatform.Extensions.EventLogCollector.dll
C:\Program Files\dotnet\sdk\7.0.202\Extensions\Microsoft.TestPlatform.TestHostRuntimeProvider.dll
C:\Program Files\dotnet\sdk\7.0.202\Extensions\Microsoft.VisualStudio.TestPlatform.Extensions.Html.TestLogger.dll
C:\Program Files\dotnet\sdk\7.0.202\Extensions\Microsoft.VisualStudio.TestPlatform.Extensions.Trx.TestLogger.dll
TpTrace Verbose: 0 : 10568, 1, 2023/10/27, 18:40:14.143, 2645055840323, vstest.console.dll, TestPluginCache.GetExtensionPaths: Added unfilterableExtensionPaths: 
TpTrace Information: 0 : 10568, 1, 2023/10/27, 18:40:14.143, 2645055845737, vstest.console.dll, AssemblyResolver.ctor: Creating AssemblyResolver with searchDirectories C:\Program Files\dotnet\sdk\7.0.202\Extensions,C:\Program Files\dotnet\sdk\7.0.202
TpTrace Verbose: 0 : 10568, 1, 2023/10/27, 18:40:14.144, 2645055858742, vstest.console.dll, TestPluginCache.DiscoverTestExtensions: Discovering the extensions using extension path.
TpTrace Verbose: 0 : 10568, 1, 2023/10/27, 18:40:14.145, 2645055859710, vstest.console.dll, TestPluginCache.GetExtensionPaths: Filtered extension paths: 
TpTrace Verbose: 0 : 10568, 1, 2023/10/27, 18:40:14.145, 2645055859953, vstest.console.dll, TestPluginCache.GetExtensionPaths: Added default extension paths: C:\Program Files\dotnet\sdk\7.0.202\Extensions\Microsoft.Diagnostics.NETCore.Client.dll
C:\Program Files\dotnet\sdk\7.0.202\Extensions\Microsoft.TestPlatform.Extensions.BlameDataCollector.dll
C:\Program Files\dotnet\sdk\7.0.202\Extensions\Microsoft.TestPlatform.Extensions.EventLogCollector.dll
C:\Program Files\dotnet\sdk\7.0.202\Extensions\Microsoft.TestPlatform.TestHostRuntimeProvider.dll
C:\Program Files\dotnet\sdk\7.0.202\Extensions\Microsoft.VisualStudio.TestPlatform.Extensions.Html.TestLogger.dll
C:\Program Files\dotnet\sdk\7.0.202\Extensions\Microsoft.VisualStudio.TestPlatform.Extensions.Trx.TestLogger.dll
TpTrace Verbose: 0 : 10568, 1, 2023/10/27, 18:40:14.145, 2645055860211, vstest.console.dll, TestPluginCache.GetExtensionPaths: Added unfilterableExtensionPaths: 
TpTrace Verbose: 0 : 10568, 1, 2023/10/27, 18:40:14.145, 2645055861950, vstest.console.dll, TestPluginCache.DiscoverTestExtensions: Discovering the extensions using allExtensionPaths: C:\Program Files\dotnet\sdk\7.0.202\Extensions\Microsoft.Diagnostics.NETCore.Client.dll
C:\Program Files\dotnet\sdk\7.0.202\Extensions\Microsoft.TestPlatform.Extensions.BlameDataCollector.dll
C:\Program Files\dotnet\sdk\7.0.202\Extensions\Microsoft.TestPlatform.Extensions.EventLogCollector.dll
C:\Program Files\dotnet\sdk\7.0.202\Extensions\Microsoft.TestPlatform.TestHostRuntimeProvider.dll
C:\Program Files\dotnet\sdk\7.0.202\Extensions\Microsoft.VisualStudio.TestPlatform.Extensions.Html.TestLogger.dll
C:\Program Files\dotnet\sdk\7.0.202\Extensions\Microsoft.VisualStudio.TestPlatform.Extensions.Trx.TestLogger.dll
TpTrace Information: 0 : 10568, 1, 2023/10/27, 18:40:14.145, 2645055863271, vstest.console.dll, AssemblyResolver.AddSearchDirectories: Adding more searchDirectories C:\Program Files\dotnet\sdk\7.0.202\Extensions,C:\Program Files\dotnet\sdk\7.0.202
TpTrace Information: 0 : 10568, 1, 2023/10/27, 18:40:14.145, 2645055863744, vstest.console.dll, AssemblyResolver.AddSearchDirectories: Adding more searchDirectories C:\Program Files\dotnet\sdk\7.0.202\Extensions,C:\Program Files\dotnet\sdk\7.0.202
TpTrace Information: 0 : 10568, 1, 2023/10/27, 18:40:14.145, 2645055863978, vstest.console.dll, AssemblyResolver.AddSearchDirectories: Adding more searchDirectories C:\Program Files\dotnet\sdk\7.0.202\Extensions,C:\Program Files\dotnet\sdk\7.0.202
TpTrace Information: 0 : 10568, 1, 2023/10/27, 18:40:14.145, 2645055864140, vstest.console.dll, AssemblyResolver.AddSearchDirectories: Adding more searchDirectories C:\Program Files\dotnet\sdk\7.0.202\Extensions,C:\Program Files\dotnet\sdk\7.0.202
TpTrace Information: 0 : 10568, 1, 2023/10/27, 18:40:14.145, 2645055864295, vstest.console.dll, AssemblyResolver.AddSearchDirectories: Adding more searchDirectories C:\Program Files\dotnet\sdk\7.0.202\Extensions,C:\Program Files\dotnet\sdk\7.0.202
TpTrace Information: 0 : 10568, 1, 2023/10/27, 18:40:14.145, 2645055864485, vstest.console.dll, AssemblyResolver.AddSearchDirectories: Adding more searchDirectories C:\Program Files\dotnet\sdk\7.0.202\Extensions,C:\Program Files\dotnet\sdk\7.0.202
TpTrace Information: 0 : 10568, 1, 2023/10/27, 18:40:14.145, 2645055867560, vstest.console.dll, AssemblyResolver.OnResolve: Microsoft.Diagnostics.NETCore.Client: Resolving assembly.
TpTrace Information: 0 : 10568, 1, 2023/10/27, 18:40:14.145, 2645055868214, vstest.console.dll, AssemblyResolver.OnResolve: Microsoft.Diagnostics.NETCore.Client: Searching in: 'C:\Program Files\dotnet\sdk\7.0.202\Extensions'.
TpTrace Information: 0 : 10568, 1, 2023/10/27, 18:40:14.155, 2645055960327, vstest.console.dll, AssemblyResolver.OnResolve: Microsoft.Diagnostics.NETCore.Client: Loading assembly 'C:\Program Files\dotnet\sdk\7.0.202\Extensions\Microsoft.Diagnostics.NETCore.Client.dll'.
TpTrace Information: 0 : 10568, 1, 2023/10/27, 18:40:14.155, 2645055968242, vstest.console.dll, AssemblyResolver.OnResolve: Resolved assembly: Microsoft.Diagnostics.NETCore.Client, from path: C:\Program Files\dotnet\sdk\7.0.202\Extensions\Microsoft.Diagnostics.NETCore.Client.dll
TpTrace Verbose: 0 : 10568, 1, 2023/10/27, 18:40:14.156, 2645055977935, vstest.console.dll, MetadataReaderExtensionsHelper: Discovering extensions inside assembly 'Microsoft.Diagnostics.NETCore.Client, Version=0.2.6.42401, Culture=neutral, PublicKeyToken=31bf3856ad364e35' file path 'C:\Program Files\dotnet\sdk\7.0.202\Extensions\Microsoft.Diagnostics.NETCore.Client.dll'
TpTrace Information: 0 : 10568, 1, 2023/10/27, 18:40:14.161, 2645056026941, vstest.console.dll, AssemblyResolver.OnResolve: Microsoft.Bcl.AsyncInterfaces: Resolving assembly.
TpTrace Information: 0 : 10568, 1, 2023/10/27, 18:40:14.161, 2645056028418, vstest.console.dll, AssemblyResolver.OnResolve: Microsoft.Bcl.AsyncInterfaces: Searching in: 'C:\Program Files\dotnet\sdk\7.0.202\Extensions'.
TpTrace Information: 0 : 10568, 1, 2023/10/27, 18:40:14.162, 2645056029290, vstest.console.dll, AssemblyResolver.OnResolve: Microsoft.Bcl.AsyncInterfaces: Assembly path does not exist: 'C:\Program Files\dotnet\sdk\7.0.202\Extensions\Microsoft.Bcl.AsyncInterfaces.dll', returning.
TpTrace Information: 0 : 10568, 1, 2023/10/27, 18:40:14.162, 2645056030196, vstest.console.dll, AssemblyResolver.OnResolve: Microsoft.Bcl.AsyncInterfaces: Assembly path does not exist: 'C:\Program Files\dotnet\sdk\7.0.202\Extensions\Microsoft.Bcl.AsyncInterfaces.exe', returning.
TpTrace Information: 0 : 10568, 1, 2023/10/27, 18:40:14.162, 2645056030474, vstest.console.dll, AssemblyResolver.OnResolve: Microsoft.Bcl.AsyncInterfaces: Searching in: 'C:\Program Files\dotnet\sdk\7.0.202'.
TpTrace Information: 0 : 10568, 1, 2023/10/27, 18:40:14.162, 2645056031121, vstest.console.dll, AssemblyResolver.OnResolve: Microsoft.Bcl.AsyncInterfaces: Assembly path does not exist: 'C:\Program Files\dotnet\sdk\7.0.202\Microsoft.Bcl.AsyncInterfaces.dll', returning.
TpTrace Information: 0 : 10568, 1, 2023/10/27, 18:40:14.162, 2645056031650, vstest.console.dll, AssemblyResolver.OnResolve: Microsoft.Bcl.AsyncInterfaces: Assembly path does not exist: 'C:\Program Files\dotnet\sdk\7.0.202\Microsoft.Bcl.AsyncInterfaces.exe', returning.
TpTrace Information: 0 : 10568, 1, 2023/10/27, 18:40:14.162, 2645056031821, vstest.console.dll, AssemblyResolver.OnResolve: Microsoft.Bcl.AsyncInterfaces: Failed to load assembly.
TpTrace Verbose: 0 : 10568, 1, 2023/10/27, 18:40:14.162, 2645056032297, vstest.console.dll, CurrentDomainAssemblyResolve: Resolving assembly 'Microsoft.Bcl.AsyncInterfaces'.
TpTrace Information: 0 : 10568, 1, 2023/10/27, 18:40:14.162, 2645056032775, vstest.console.dll, AssemblyResolver.OnResolve: Microsoft.Bcl.AsyncInterfaces: Resolving assembly.
TpTrace Information: 0 : 10568, 1, 2023/10/27, 18:40:14.162, 2645056033056, vstest.console.dll, AssemblyResolver.OnResolve: Microsoft.Bcl.AsyncInterfaces: Resolved from cache.
TpTrace Verbose: 0 : 10568, 1, 2023/10/27, 18:40:14.162, 2645056033263, vstest.console.dll, CurrentDomainAssemblyResolve: Resolving assembly 'Microsoft.Bcl.AsyncInterfaces'.
TpTrace Verbose: 0 : 10568, 1, 2023/10/27, 18:40:14.162, 2645056033516, vstest.console.dll, CurrentDomainAssemblyResolve: Failed to resolve assembly 'Microsoft.Bcl.AsyncInterfaces'.
TpTrace Verbose: 0 : 10568, 1, 2023/10/27, 18:40:14.163, 2645056042255, vstest.console.dll, CurrentDomainAssemblyResolve: Failed to resolve assembly 'Microsoft.Bcl.AsyncInterfaces'.
TpTrace Warning: 0 : 10568, 1, 2023/10/27, 18:40:14.169, 2645056108218, vstest.console.dll, TestPluginDiscoverer: Failed to get types from assembly 'Microsoft.Diagnostics.NETCore.Client, Version=0.2.6.42401, Culture=neutral, PublicKeyToken=31bf3856ad364e35'. Error: System.Reflection.ReflectionTypeLoadException: Unable to load one or more of the requested types.
Could not load file or assembly 'Microsoft.Bcl.AsyncInterfaces, Version=1.0.0.0, Culture=neutral, PublicKeyToken=cc7b13ffcd2ddd51'. Не удается найти указанный файл.
   at System.Reflection.RuntimeModule.GetTypes(RuntimeModule module)
   at System.Reflection.Assembly.GetTypes()
   at Microsoft.VisualStudio.TestPlatform.Common.ExtensionFramework.TestPluginDiscoverer.GetTestExtensionsFromAssembly[TPluginInfo,TExtension](Assembly assembly, Dictionary`2 pluginInfos, String filePath)
System.IO.FileNotFoundException: Could not load file or assembly 'Microsoft.Bcl.AsyncInterfaces, Version=1.0.0.0, Culture=neutral, PublicKeyToken=cc7b13ffcd2ddd51'. Не удается найти указанный файл.
File name: 'Microsoft.Bcl.AsyncInterfaces, Version=1.0.0.0, Culture=neutral, PublicKeyToken=cc7b13ffcd2ddd51'
 ---> System.IO.FileNotFoundException: Could not load file or assembly 'Microsoft.Bcl.AsyncInterfaces, Culture=neutral, PublicKeyToken=null'. Не удается найти указанный файл.
File name: 'Microsoft.Bcl.AsyncInterfaces, Culture=neutral, PublicKeyToken=null'
   at System.Reflection.RuntimeAssembly.InternalLoad(AssemblyName assemblyName, StackCrawlMark& stackMark, AssemblyLoadContext assemblyLoadContext, RuntimeAssembly requestingAssembly, Boolean throwOnFileNotFound)
   at System.Reflection.Assembly.Load(AssemblyName assemblyRef)
   at Microsoft.VisualStudio.TestPlatform.Common.ExtensionFramework.TestPluginCache.CurrentDomainAssemblyResolve(Object sender, AssemblyResolveEventArgs args)
   at System.Runtime.Loader.AssemblyLoadContext.GetFirstResolvedAssemblyFromResolvingEvent(AssemblyName assemblyName)
   at System.Runtime.Loader.AssemblyLoadContext.ResolveUsingEvent(AssemblyName assemblyName)
   at System.Runtime.Loader.AssemblyLoadContext.ResolveUsingResolvingEvent(IntPtr gchManagedAssemblyLoadContext, AssemblyName assemblyName)
TpTrace Warning: 0 : 10568, 1, 2023/10/27, 18:40:14.170, 2645056111754, vstest.console.dll, LoaderExceptions: System.IO.FileNotFoundException: Could not load file or assembly 'Microsoft.Bcl.AsyncInterfaces, Version=1.0.0.0, Culture=neutral, PublicKeyToken=cc7b13ffcd2ddd51'. Не удается найти указанный файл.
File name: 'Microsoft.Bcl.AsyncInterfaces, Version=1.0.0.0, Culture=neutral, PublicKeyToken=cc7b13ffcd2ddd51'
 ---> System.IO.FileNotFoundException: Could not load file or assembly 'Microsoft.Bcl.AsyncInterfaces, Culture=neutral, PublicKeyToken=null'. Не удается найти указанный файл.
File name: 'Microsoft.Bcl.AsyncInterfaces, Culture=neutral, PublicKeyToken=null'
   at System.Reflection.RuntimeAssembly.InternalLoad(AssemblyName assemblyName, StackCrawlMark& stackMark, AssemblyLoadContext assemblyLoadContext, RuntimeAssembly requestingAssembly, Boolean throwOnFileNotFound)
   at System.Reflection.Assembly.Load(AssemblyName assemblyRef)
   at Microsoft.VisualStudio.TestPlatform.Common.ExtensionFramework.TestPluginCache.CurrentDomainAssemblyResolve(Object sender, AssemblyResolveEventArgs args)
   at System.Runtime.Loader.AssemblyLoadContext.GetFirstResolvedAssemblyFromResolvingEvent(AssemblyName assemblyName)
   at System.Runtime.Loader.AssemblyLoadContext.ResolveUsingEvent(AssemblyName assemblyName)
   at System.Runtime.Loader.AssemblyLoadContext.ResolveUsingResolvingEvent(IntPtr gchManagedAssemblyLoadContext, AssemblyName assemblyName)
TpTrace Information: 0 : 10568, 1, 2023/10/27, 18:40:14.170, 2645056113377, vstest.console.dll, AssemblyResolver.OnResolve: Microsoft.TestPlatform.Extensions.BlameDataCollector: Resolving assembly.
TpTrace Information: 0 : 10568, 1, 2023/10/27, 18:40:14.170, 2645056113817, vstest.console.dll, AssemblyResolver.OnResolve: Microsoft.TestPlatform.Extensions.BlameDataCollector: Searching in: 'C:\Program Files\dotnet\sdk\7.0.202\Extensions'.
TpTrace Information: 0 : 10568, 1, 2023/10/27, 18:40:14.171, 2645056121088, vstest.console.dll, AssemblyResolver.OnResolve: Microsoft.TestPlatform.Extensions.BlameDataCollector: Loading assembly 'C:\Program Files\dotnet\sdk\7.0.202\Extensions\Microsoft.TestPlatform.Extensions.BlameDataCollector.dll'.
TpTrace Information: 0 : 10568, 1, 2023/10/27, 18:40:14.171, 2645056128006, vstest.console.dll, AssemblyResolver.OnResolve: Resolved assembly: Microsoft.TestPlatform.Extensions.BlameDataCollector, from path: C:\Program Files\dotnet\sdk\7.0.202\Extensions\Microsoft.TestPlatform.Extensions.BlameDataCollector.dll
TpTrace Verbose: 0 : 10568, 1, 2023/10/27, 18:40:14.171, 2645056128985, vstest.console.dll, MetadataReaderExtensionsHelper: Discovering extensions inside assembly 'Microsoft.TestPlatform.Extensions.BlameDataCollector, Version=15.0.0.0, Culture=neutral, PublicKeyToken=b03f5f7f11d50a3a' file path 'C:\Program Files\dotnet\sdk\7.0.202\Extensions\Microsoft.TestPlatform.Extensions.BlameDataCollector.dll'
TpTrace Information: 0 : 10568, 1, 2023/10/27, 18:40:14.173, 2645056146647, vstest.console.dll, AssemblyResolver.OnResolve: Microsoft.TestPlatform.Extensions.EventLogCollector: Resolving assembly.
TpTrace Information: 0 : 10568, 1, 2023/10/27, 18:40:14.173, 2645056147282, vstest.console.dll, AssemblyResolver.OnResolve: Microsoft.TestPlatform.Extensions.EventLogCollector: Searching in: 'C:\Program Files\dotnet\sdk\7.0.202\Extensions'.
TpTrace Information: 0 : 10568, 1, 2023/10/27, 18:40:14.174, 2645056154347, vstest.console.dll, AssemblyResolver.OnResolve: Microsoft.TestPlatform.Extensions.EventLogCollector: Loading assembly 'C:\Program Files\dotnet\sdk\7.0.202\Extensions\Microsoft.TestPlatform.Extensions.EventLogCollector.dll'.
TpTrace Information: 0 : 10568, 1, 2023/10/27, 18:40:14.175, 2645056160910, vstest.console.dll, AssemblyResolver.OnResolve: Resolved assembly: Microsoft.TestPlatform.Extensions.EventLogCollector, from path: C:\Program Files\dotnet\sdk\7.0.202\Extensions\Microsoft.TestPlatform.Extensions.EventLogCollector.dll
TpTrace Verbose: 0 : 10568, 1, 2023/10/27, 18:40:14.175, 2645056161555, vstest.console.dll, MetadataReaderExtensionsHelper: Discovering extensions inside assembly 'Microsoft.TestPlatform.Extensions.EventLogCollector, Version=15.0.0.0, Culture=neutral, PublicKeyToken=b03f5f7f11d50a3a' file path 'C:\Program Files\dotnet\sdk\7.0.202\Extensions\Microsoft.TestPlatform.Extensions.EventLogCollector.dll'
TpTrace Information: 0 : 10568, 1, 2023/10/27, 18:40:14.178, 2645056193517, vstest.console.dll, AssemblyResolver.OnResolve: Microsoft.TestPlatform.TestHostRuntimeProvider: Resolving assembly.
TpTrace Information: 0 : 10568, 1, 2023/10/27, 18:40:14.178, 2645056194436, vstest.console.dll, AssemblyResolver.OnResolve: Microsoft.TestPlatform.TestHostRuntimeProvider: Searching in: 'C:\Program Files\dotnet\sdk\7.0.202\Extensions'.
TpTrace Information: 0 : 10568, 1, 2023/10/27, 18:40:14.178, 2645056198995, vstest.console.dll, AssemblyResolver.OnResolve: Microsoft.TestPlatform.TestHostRuntimeProvider: Loading assembly 'C:\Program Files\dotnet\sdk\7.0.202\Extensions\Microsoft.TestPlatform.TestHostRuntimeProvider.dll'.
TpTrace Information: 0 : 10568, 1, 2023/10/27, 18:40:14.179, 2645056203638, vstest.console.dll, AssemblyResolver.OnResolve: Resolved assembly: Microsoft.TestPlatform.TestHostRuntimeProvider, from path: C:\Program Files\dotnet\sdk\7.0.202\Extensions\Microsoft.TestPlatform.TestHostRuntimeProvider.dll
TpTrace Verbose: 0 : 10568, 1, 2023/10/27, 18:40:14.179, 2645056204237, vstest.console.dll, MetadataReaderExtensionsHelper: Discovering extensions inside assembly 'Microsoft.TestPlatform.TestHostRuntimeProvider, Version=15.0.0.0, Culture=neutral, PublicKeyToken=b03f5f7f11d50a3a' file path 'C:\Program Files\dotnet\sdk\7.0.202\Extensions\Microsoft.TestPlatform.TestHostRuntimeProvider.dll'
TpTrace Information: 0 : 10568, 1, 2023/10/27, 18:40:14.181, 2645056220857, vstest.console.dll, GetTestExtensionFromType: Register extension with identifier data 'HostProvider://DefaultTestHost' and type 'Microsoft.VisualStudio.TestPlatform.CrossPlatEngine.Hosting.DefaultTestHostManager, Microsoft.TestPlatform.TestHostRuntimeProvider, Version=15.0.0.0, Culture=neutral, PublicKeyToken=b03f5f7f11d50a3a' inside file 'C:\Program Files\dotnet\sdk\7.0.202\Extensions\Microsoft.TestPlatform.TestHostRuntimeProvider.dll'
TpTrace Information: 0 : 10568, 1, 2023/10/27, 18:40:14.181, 2645056223055, vstest.console.dll, GetTestExtensionFromType: Register extension with identifier data 'HostProvider://DotnetTestHost' and type 'Microsoft.VisualStudio.TestPlatform.CrossPlatEngine.Hosting.DotnetTestHostManager, Microsoft.TestPlatform.TestHostRuntimeProvider, Version=15.0.0.0, Culture=neutral, PublicKeyToken=b03f5f7f11d50a3a' inside file 'C:\Program Files\dotnet\sdk\7.0.202\Extensions\Microsoft.TestPlatform.TestHostRuntimeProvider.dll'
TpTrace Information: 0 : 10568, 1, 2023/10/27, 18:40:14.181, 2645056223698, vstest.console.dll, AssemblyResolver.OnResolve: Microsoft.VisualStudio.TestPlatform.Extensions.Html.TestLogger: Resolving assembly.
TpTrace Information: 0 : 10568, 1, 2023/10/27, 18:40:14.181, 2645056224030, vstest.console.dll, AssemblyResolver.OnResolve: Microsoft.VisualStudio.TestPlatform.Extensions.Html.TestLogger: Searching in: 'C:\Program Files\dotnet\sdk\7.0.202\Extensions'.
TpTrace Information: 0 : 10568, 1, 2023/10/27, 18:40:14.181, 2645056227159, vstest.console.dll, AssemblyResolver.OnResolve: Microsoft.VisualStudio.TestPlatform.Extensions.Html.TestLogger: Loading assembly 'C:\Program Files\dotnet\sdk\7.0.202\Extensions\Microsoft.VisualStudio.TestPlatform.Extensions.Html.TestLogger.dll'.
TpTrace Information: 0 : 10568, 1, 2023/10/27, 18:40:14.182, 2645056230520, vstest.console.dll, AssemblyResolver.OnResolve: Resolved assembly: Microsoft.VisualStudio.TestPlatform.Extensions.Html.TestLogger, from path: C:\Program Files\dotnet\sdk\7.0.202\Extensions\Microsoft.VisualStudio.TestPlatform.Extensions.Html.TestLogger.dll
TpTrace Verbose: 0 : 10568, 1, 2023/10/27, 18:40:14.182, 2645056231091, vstest.console.dll, MetadataReaderExtensionsHelper: Discovering extensions inside assembly 'Microsoft.VisualStudio.TestPlatform.Extensions.Html.TestLogger, Version=15.0.0.0, Culture=neutral, PublicKeyToken=b03f5f7f11d50a3a' file path 'C:\Program Files\dotnet\sdk\7.0.202\Extensions\Microsoft.VisualStudio.TestPlatform.Extensions.Html.TestLogger.dll'
TpTrace Information: 0 : 10568, 1, 2023/10/27, 18:40:14.182, 2645056238266, vstest.console.dll, AssemblyResolver.OnResolve: Microsoft.VisualStudio.TestPlatform.Extensions.Trx.TestLogger: Resolving assembly.
TpTrace Information: 0 : 10568, 1, 2023/10/27, 18:40:14.182, 2645056238782, vstest.console.dll, AssemblyResolver.OnResolve: Microsoft.VisualStudio.TestPlatform.Extensions.Trx.TestLogger: Searching in: 'C:\Program Files\dotnet\sdk\7.0.202\Extensions'.
TpTrace Information: 0 : 10568, 1, 2023/10/27, 18:40:14.183, 2645056241652, vstest.console.dll, AssemblyResolver.OnResolve: Microsoft.VisualStudio.TestPlatform.Extensions.Trx.TestLogger: Loading assembly 'C:\Program Files\dotnet\sdk\7.0.202\Extensions\Microsoft.VisualStudio.TestPlatform.Extensions.Trx.TestLogger.dll'.
TpTrace Information: 0 : 10568, 1, 2023/10/27, 18:40:14.183, 2645056246439, vstest.console.dll, AssemblyResolver.OnResolve: Resolved assembly: Microsoft.VisualStudio.TestPlatform.Extensions.Trx.TestLogger, from path: C:\Program Files\dotnet\sdk\7.0.202\Extensions\Microsoft.VisualStudio.TestPlatform.Extensions.Trx.TestLogger.dll
TpTrace Verbose: 0 : 10568, 1, 2023/10/27, 18:40:14.183, 2645056247084, vstest.console.dll, MetadataReaderExtensionsHelper: Discovering extensions inside assembly 'Microsoft.VisualStudio.TestPlatform.Extensions.Trx.TestLogger, Version=15.0.0.0, Culture=neutral, PublicKeyToken=b03f5f7f11d50a3a' file path 'C:\Program Files\dotnet\sdk\7.0.202\Extensions\Microsoft.VisualStudio.TestPlatform.Extensions.Trx.TestLogger.dll'
TpTrace Verbose: 0 : 10568, 1, 2023/10/27, 18:40:14.184, 2645056257326, vstest.console.dll, TestPluginCache: Discovered the extensions using extension path ''.
TpTrace Verbose: 0 : 10568, 1, 2023/10/27, 18:40:14.184, 2645056257889, vstest.console.dll, TestPluginCache: Discoverers are ''.
TpTrace Verbose: 0 : 10568, 1, 2023/10/27, 18:40:14.184, 2645056258062, vstest.console.dll, TestPluginCache: Executors are ''.
TpTrace Verbose: 0 : 10568, 1, 2023/10/27, 18:40:14.184, 2645056258211, vstest.console.dll, TestPluginCache: Executors2 are ''.
TpTrace Verbose: 0 : 10568, 1, 2023/10/27, 18:40:14.184, 2645056258362, vstest.console.dll, TestPluginCache: Setting providers are ''.
TpTrace Verbose: 0 : 10568, 1, 2023/10/27, 18:40:14.184, 2645056258511, vstest.console.dll, TestPluginCache: Loggers are ''.
TpTrace Verbose: 0 : 10568, 1, 2023/10/27, 18:40:14.185, 2645056259775, vstest.console.dll, TestPluginCache: TestHosts are 'HostProvider://DefaultTestHost,HostProvider://DotnetTestHost'.
TpTrace Verbose: 0 : 10568, 1, 2023/10/27, 18:40:14.185, 2645056260005, vstest.console.dll, TestPluginCache: DataCollectors are ''.
TpTrace Information: 0 : 10568, 1, 2023/10/27, 18:40:14.193, 2645056348551, vstest.console.dll, RunTestsArgumentProcessor:Execute: Test run is starting.
TpTrace Verbose: 0 : 10568, 1, 2023/10/27, 18:40:14.194, 2645056349366, vstest.console.dll, RunTestsArgumentProcessor:Execute: Queuing Test run.
TpTrace Information: 0 : 10568, 1, 2023/10/27, 18:40:14.194, 2645056351473, vstest.console.dll, TestRequestManager.RunTests: run tests started.
TpTrace Information: 0 : 10568, 1, 2023/10/27, 18:40:14.195, 2645056366879, vstest.console.dll, AssemblyMetadataProvider.GetFrameworkName: Determined framework:'.NETCoreApp,Version=v6.0' for source: 'C:\Users\Владимир\Desktop\Политех\Инфа\ООП лабы 3 семак\Готовые лабы\Лаба 9\Код\Laba_9\bin\Debug\net6.0\fine-code-coverage\build-output\Laba_9.dll'
TpTrace Information: 0 : 10568, 1, 2023/10/27, 18:40:14.195, 2645056368997, vstest.console.dll, Determined framework for all sources: .NETCoreApp,Version=v6.0
TpTrace Verbose: 0 : 10568, 1, 2023/10/27, 18:40:14.196, 2645056373680, vstest.console.dll, TestRequestManager.UpdateRunSettingsIfRequired: Default architecture: X64 IsDefaultTargetArchitecture: True, Current process architecture: X64 OperatingSystem: Windows.
TpTrace Information: 0 : 10568, 1, 2023/10/27, 18:40:14.197, 2645056388321, vstest.console.dll, AssemblyMetadataProvider.GetArchitecture: Determined architecture:AnyCPU info for assembly: C:\Users\Владимир\Desktop\Политех\Инфа\ООП лабы 3 семак\Готовые лабы\Лаба 9\Код\Laba_9\bin\Debug\net6.0\fine-code-coverage\build-output\Laba_9.dll
TpTrace Information: 0 : 10568, 1, 2023/10/27, 18:40:14.197, 2645056388740, vstest.console.dll, Determined platform for source 'C:\Users\Владимир\Desktop\Политех\Инфа\ООП лабы 3 семак\Готовые лабы\Лаба 9\Код\Laba_9\bin\Debug\net6.0\fine-code-coverage\build-output\Laba_9.dll' was AnyCPU and it will use the default plaform X64.
TpTrace Information: 0 : 10568, 1, 2023/10/27, 18:40:14.197, 2645056388916, vstest.console.dll, None of the sources provided any runnable platform, using the default platform: X64
TpTrace Information: 0 : 10568, 1, 2023/10/27, 18:40:14.198, 2645056389551, vstest.console.dll, Platform was updated to 'X64'.
TpTrace Information: 0 : 10568, 1, 2023/10/27, 18:40:14.201, 2645056419398, vstest.console.dll, InferRunSettingsHelper.IsTestSettingsEnabled: Unable to navigate to RunSettings/MSTest. Current node: RunSettings
TpTrace Information: 0 : 10568, 1, 2023/10/27, 18:40:14.201, 2645056425086, vstest.console.dll, AssemblyResolver.OnResolve: Microsoft.VisualStudio.TestPlatform.Fakes: Resolving assembly.
TpTrace Information: 0 : 10568, 1, 2023/10/27, 18:40:14.201, 2645056425692, vstest.console.dll, AssemblyResolver.OnResolve: Microsoft.VisualStudio.TestPlatform.Fakes: Searching in: 'C:\Program Files\dotnet\sdk\7.0.202\Extensions'.
TpTrace Information: 0 : 10568, 1, 2023/10/27, 18:40:14.201, 2645056426452, vstest.console.dll, AssemblyResolver.OnResolve: Microsoft.VisualStudio.TestPlatform.Fakes: Assembly path does not exist: 'C:\Program Files\dotnet\sdk\7.0.202\Extensions\Microsoft.VisualStudio.TestPlatform.Fakes.dll', returning.
TpTrace Information: 0 : 10568, 1, 2023/10/27, 18:40:14.201, 2645056426812, vstest.console.dll, AssemblyResolver.OnResolve: Microsoft.VisualStudio.TestPlatform.Fakes: Assembly path does not exist: 'C:\Program Files\dotnet\sdk\7.0.202\Extensions\Microsoft.VisualStudio.TestPlatform.Fakes.exe', returning.
TpTrace Information: 0 : 10568, 1, 2023/10/27, 18:40:14.201, 2645056427014, vstest.console.dll, AssemblyResolver.OnResolve: Microsoft.VisualStudio.TestPlatform.Fakes: Searching in: 'C:\Program Files\dotnet\sdk\7.0.202'.
TpTrace Information: 0 : 10568, 1, 2023/10/27, 18:40:14.201, 2645056427382, vstest.console.dll, AssemblyResolver.OnResolve: Microsoft.VisualStudio.TestPlatform.Fakes: Assembly path does not exist: 'C:\Program Files\dotnet\sdk\7.0.202\Microsoft.VisualStudio.TestPlatform.Fakes.dll', returning.
TpTrace Information: 0 : 10568, 1, 2023/10/27, 18:40:14.201, 2645056427718, vstest.console.dll, AssemblyResolver.OnResolve: Microsoft.VisualStudio.TestPlatform.Fakes: Assembly path does not exist: 'C:\Program Files\dotnet\sdk\7.0.202\Microsoft.VisualStudio.TestPlatform.Fakes.exe', returning.
TpTrace Information: 0 : 10568, 1, 2023/10/27, 18:40:14.201, 2645056427873, vstest.console.dll, AssemblyResolver.OnResolve: Microsoft.VisualStudio.TestPlatform.Fakes: Failed to load assembly.
TpTrace Information: 0 : 10568, 1, 2023/10/27, 18:40:14.202, 2645056429888, vstest.console.dll, Failed to load assembly Microsoft.VisualStudio.TestPlatform.Fakes, Version=17.0.0.0, Culture=neutral. Reason:System.IO.FileNotFoundException: Could not load file or assembly 'Microsoft.VisualStudio.TestPlatform.Fakes, Version=17.0.0.0, Culture=neutral, PublicKeyToken=null'. Не удается найти указанный файл.
File name: 'Microsoft.VisualStudio.TestPlatform.Fakes, Version=17.0.0.0, Culture=neutral, PublicKeyToken=null'
   at System.Reflection.RuntimeAssembly.InternalLoad(AssemblyName assemblyName, StackCrawlMark& stackMark, AssemblyLoadContext assemblyLoadContext, RuntimeAssembly requestingAssembly, Boolean throwOnFileNotFound)
   at System.Reflection.Assembly.Load(AssemblyName assemblyRef)
   at Microsoft.VisualStudio.TestPlatform.Common.Utilities.FakesUtilities.LoadTestPlatformAssembly()
TpTrace Verbose: 0 : 10568, 1, 2023/10/27, 18:40:14.204, 2645056458648, vstest.console.dll, TestPluginCache.DiscoverTestExtensions: finding test extensions in assemblies ends with: TestLogger.dll TPluginInfo: Microsoft.VisualStudio.TestPlatform.Common.ExtensionFramework.Utilities.TestLoggerPluginInformation TExtension: Microsoft.VisualStudio.TestPlatform.ObjectModel.Client.ITestLogger
TpTrace Verbose: 0 : 10568, 1, 2023/10/27, 18:40:14.205, 2645056459364, vstest.console.dll, TestPluginCache.GetExtensionPaths: Filtered extension paths: 
TpTrace Verbose: 0 : 10568, 1, 2023/10/27, 18:40:14.205, 2645056459580, vstest.console.dll, TestPluginCache.GetExtensionPaths: Added default extension paths: C:\Program Files\dotnet\sdk\7.0.202\Extensions\Microsoft.Diagnostics.NETCore.Client.dll
C:\Program Files\dotnet\sdk\7.0.202\Extensions\Microsoft.TestPlatform.Extensions.BlameDataCollector.dll
C:\Program Files\dotnet\sdk\7.0.202\Extensions\Microsoft.TestPlatform.Extensions.EventLogCollector.dll
C:\Program Files\dotnet\sdk\7.0.202\Extensions\Microsoft.TestPlatform.TestHostRuntimeProvider.dll
C:\Program Files\dotnet\sdk\7.0.202\Extensions\Microsoft.VisualStudio.TestPlatform.Extensions.Html.TestLogger.dll
C:\Program Files\dotnet\sdk\7.0.202\Extensions\Microsoft.VisualStudio.TestPlatform.Extensions.Trx.TestLogger.dll
TpTrace Verbose: 0 : 10568, 1, 2023/10/27, 18:40:14.205, 2645056459786, vstest.console.dll, TestPluginCache.GetExtensionPaths: Added unfilterableExtensionPaths: 
TpTrace Information: 0 : 10568, 1, 2023/10/27, 18:40:14.205, 2645056460683, vstest.console.dll, AssemblyResolver.AddSearchDirectories: Adding more searchDirectories C:\Program Files\dotnet\sdk\7.0.202\Extensions,C:\Program Files\dotnet\sdk\7.0.202
TpTrace Verbose: 0 : 10568, 1, 2023/10/27, 18:40:14.205, 2645056460959, vstest.console.dll, TestPluginCache.DiscoverTestExtensions: Discovering the extensions using extension path.
TpTrace Verbose: 0 : 10568, 1, 2023/10/27, 18:40:14.205, 2645056461144, vstest.console.dll, TestPluginCache.GetExtensionPaths: Filtered extension paths: 
TpTrace Verbose: 0 : 10568, 1, 2023/10/27, 18:40:14.205, 2645056461336, vstest.console.dll, TestPluginCache.GetExtensionPaths: Added default extension paths: C:\Program Files\dotnet\sdk\7.0.202\Extensions\Microsoft.Diagnostics.NETCore.Client.dll
C:\Program Files\dotnet\sdk\7.0.202\Extensions\Microsoft.TestPlatform.Extensions.BlameDataCollector.dll
C:\Program Files\dotnet\sdk\7.0.202\Extensions\Microsoft.TestPlatform.Extensions.EventLogCollector.dll
C:\Program Files\dotnet\sdk\7.0.202\Extensions\Microsoft.TestPlatform.TestHostRuntimeProvider.dll
C:\Program Files\dotnet\sdk\7.0.202\Extensions\Microsoft.VisualStudio.TestPlatform.Extensions.Html.TestLogger.dll
C:\Program Files\dotnet\sdk\7.0.202\Extensions\Microsoft.VisualStudio.TestPlatform.Extensions.Trx.TestLogger.dll
TpTrace Verbose: 0 : 10568, 1, 2023/10/27, 18:40:14.205, 2645056461493, vstest.console.dll, TestPluginCache.GetExtensionPaths: Added unfilterableExtensionPaths: 
TpTrace Verbose: 0 : 10568, 1, 2023/10/27, 18:40:14.205, 2645056461695, vstest.console.dll, TestPluginCache.DiscoverTestExtensions: Discovering the extensions using allExtensionPaths: C:\Program Files\dotnet\sdk\7.0.202\Extensions\Microsoft.Diagnostics.NETCore.Client.dll
C:\Program Files\dotnet\sdk\7.0.202\Extensions\Microsoft.TestPlatform.Extensions.BlameDataCollector.dll
C:\Program Files\dotnet\sdk\7.0.202\Extensions\Microsoft.TestPlatform.Extensions.EventLogCollector.dll
C:\Program Files\dotnet\sdk\7.0.202\Extensions\Microsoft.TestPlatform.TestHostRuntimeProvider.dll
C:\Program Files\dotnet\sdk\7.0.202\Extensions\Microsoft.VisualStudio.TestPlatform.Extensions.Html.TestLogger.dll
C:\Program Files\dotnet\sdk\7.0.202\Extensions\Microsoft.VisualStudio.TestPlatform.Extensions.Trx.TestLogger.dll
TpTrace Information: 0 : 10568, 1, 2023/10/27, 18:40:14.205, 2645056462394, vstest.console.dll, AssemblyResolver.AddSearchDirectories: Adding more searchDirectories C:\Program Files\dotnet\sdk\7.0.202\Extensions,C:\Program Files\dotnet\sdk\7.0.202
TpTrace Information: 0 : 10568, 1, 2023/10/27, 18:40:14.205, 2645056462684, vstest.console.dll, AssemblyResolver.AddSearchDirectories: Adding more searchDirectories C:\Program Files\dotnet\sdk\7.0.202\Extensions,C:\Program Files\dotnet\sdk\7.0.202
TpTrace Information: 0 : 10568, 1, 2023/10/27, 18:40:14.205, 2645056462844, vstest.console.dll, AssemblyResolver.AddSearchDirectories: Adding more searchDirectories C:\Program Files\dotnet\sdk\7.0.202\Extensions,C:\Program Files\dotnet\sdk\7.0.202
TpTrace Information: 0 : 10568, 1, 2023/10/27, 18:40:14.205, 2645056462998, vstest.console.dll, AssemblyResolver.AddSearchDirectories: Adding more searchDirectories C:\Program Files\dotnet\sdk\7.0.202\Extensions,C:\Program Files\dotnet\sdk\7.0.202
TpTrace Information: 0 : 10568, 1, 2023/10/27, 18:40:14.205, 2645056463199, vstest.console.dll, AssemblyResolver.AddSearchDirectories: Adding more searchDirectories C:\Program Files\dotnet\sdk\7.0.202\Extensions,C:\Program Files\dotnet\sdk\7.0.202
TpTrace Information: 0 : 10568, 1, 2023/10/27, 18:40:14.205, 2645056463357, vstest.console.dll, AssemblyResolver.AddSearchDirectories: Adding more searchDirectories C:\Program Files\dotnet\sdk\7.0.202\Extensions,C:\Program Files\dotnet\sdk\7.0.202
TpTrace Verbose: 0 : 10568, 1, 2023/10/27, 18:40:14.205, 2645056464061, vstest.console.dll, MetadataReaderExtensionsHelper: Discovering extensions inside assembly 'Microsoft.Diagnostics.NETCore.Client, Version=0.2.6.42401, Culture=neutral, PublicKeyToken=31bf3856ad364e35' file path 'C:\Program Files\dotnet\sdk\7.0.202\Extensions\Microsoft.Diagnostics.NETCore.Client.dll'
TpTrace Information: 0 : 10568, 1, 2023/10/27, 18:40:14.206, 2645056473553, vstest.console.dll, AssemblyResolver.OnResolve: Microsoft.Bcl.AsyncInterfaces: Resolving assembly.
TpTrace Information: 0 : 10568, 1, 2023/10/27, 18:40:14.206, 2645056473983, vstest.console.dll, AssemblyResolver.OnResolve: Microsoft.Bcl.AsyncInterfaces: Resolved from cache.
TpTrace Verbose: 0 : 10568, 1, 2023/10/27, 18:40:14.206, 2645056474158, vstest.console.dll, CurrentDomainAssemblyResolve: Resolving assembly 'Microsoft.Bcl.AsyncInterfaces'.
TpTrace Information: 0 : 10568, 1, 2023/10/27, 18:40:14.206, 2645056474424, vstest.console.dll, AssemblyResolver.OnResolve: Microsoft.Bcl.AsyncInterfaces: Resolving assembly.
TpTrace Information: 0 : 10568, 1, 2023/10/27, 18:40:14.206, 2645056474578, vstest.console.dll, AssemblyResolver.OnResolve: Microsoft.Bcl.AsyncInterfaces: Resolved from cache.
TpTrace Verbose: 0 : 10568, 1, 2023/10/27, 18:40:14.206, 2645056474746, vstest.console.dll, CurrentDomainAssemblyResolve: Resolving assembly 'Microsoft.Bcl.AsyncInterfaces'.
TpTrace Verbose: 0 : 10568, 1, 2023/10/27, 18:40:14.206, 2645056474887, vstest.console.dll, CurrentDomainAssemblyResolve: Failed to resolve assembly 'Microsoft.Bcl.AsyncInterfaces'.
TpTrace Verbose: 0 : 10568, 1, 2023/10/27, 18:40:14.206, 2645056475928, vstest.console.dll, CurrentDomainAssemblyResolve: Failed to resolve assembly 'Microsoft.Bcl.AsyncInterfaces'.
TpTrace Warning: 0 : 10568, 1, 2023/10/27, 18:40:14.206, 2645056478359, vstest.console.dll, TestPluginDiscoverer: Failed to get types from assembly 'Microsoft.Diagnostics.NETCore.Client, Version=0.2.6.42401, Culture=neutral, PublicKeyToken=31bf3856ad364e35'. Error: System.Reflection.ReflectionTypeLoadException: Unable to load one or more of the requested types.
Could not load file or assembly 'Microsoft.Bcl.AsyncInterfaces, Version=1.0.0.0, Culture=neutral, PublicKeyToken=cc7b13ffcd2ddd51'. Не удается найти указанный файл.
   at System.Reflection.RuntimeModule.GetTypes(RuntimeModule module)
   at System.Reflection.Assembly.GetTypes()
   at Microsoft.VisualStudio.TestPlatform.Common.ExtensionFramework.TestPluginDiscoverer.GetTestExtensionsFromAssembly[TPluginInfo,TExtension](Assembly assembly, Dictionary`2 pluginInfos, String filePath)
System.IO.FileNotFoundException: Could not load file or assembly 'Microsoft.Bcl.AsyncInterfaces, Version=1.0.0.0, Culture=neutral, PublicKeyToken=cc7b13ffcd2ddd51'. Не удается найти указанный файл.
File name: 'Microsoft.Bcl.AsyncInterfaces, Version=1.0.0.0, Culture=neutral, PublicKeyToken=cc7b13ffcd2ddd51'
 ---> System.IO.FileNotFoundException: Could not load file or assembly 'Microsoft.Bcl.AsyncInterfaces, Culture=neutral, PublicKeyToken=null'. Не удается найти указанный файл.
File name: 'Microsoft.Bcl.AsyncInterfaces, Culture=neutral, PublicKeyToken=null'
   at System.Reflection.RuntimeAssembly.InternalLoad(AssemblyName assemblyName, StackCrawlMark& stackMark, AssemblyLoadContext assemblyLoadContext, RuntimeAssembly requestingAssembly, Boolean throwOnFileNotFound)
   at System.Reflection.Assembly.Load(AssemblyName assemblyRef)
   at Microsoft.VisualStudio.TestPlatform.Common.ExtensionFramework.TestPluginCache.CurrentDomainAssemblyResolve(Object sender, AssemblyResolveEventArgs args)
   at System.Runtime.Loader.AssemblyLoadContext.GetFirstResolvedAssemblyFromResolvingEvent(AssemblyName assemblyName)
   at System.Runtime.Loader.AssemblyLoadContext.ResolveUsingEvent(AssemblyName assemblyName)
   at System.Runtime.Loader.AssemblyLoadContext.ResolveUsingResolvingEvent(IntPtr gchManagedAssemblyLoadContext, AssemblyName assemblyName)
TpTrace Warning: 0 : 10568, 1, 2023/10/27, 18:40:14.207, 2645056479386, vstest.console.dll, LoaderExceptions: System.IO.FileNotFoundException: Could not load file or assembly 'Microsoft.Bcl.AsyncInterfaces, Version=1.0.0.0, Culture=neutral, PublicKeyToken=cc7b13ffcd2ddd51'. Не удается найти указанный файл.
File name: 'Microsoft.Bcl.AsyncInterfaces, Version=1.0.0.0, Culture=neutral, PublicKeyToken=cc7b13ffcd2ddd51'
 ---> System.IO.FileNotFoundException: Could not load file or assembly 'Microsoft.Bcl.AsyncInterfaces, Culture=neutral, PublicKeyToken=null'. Не удается найти указанный файл.
File name: 'Microsoft.Bcl.AsyncInterfaces, Culture=neutral, PublicKeyToken=null'
   at System.Reflection.RuntimeAssembly.InternalLoad(AssemblyName assemblyName, StackCrawlMark& stackMark, AssemblyLoadContext assemblyLoadContext, RuntimeAssembly requestingAssembly, Boolean throwOnFileNotFound)
   at System.Reflection.Assembly.Load(AssemblyName assemblyRef)
   at Microsoft.VisualStudio.TestPlatform.Common.ExtensionFramework.TestPluginCache.CurrentDomainAssemblyResolve(Object sender, AssemblyResolveEventArgs args)
   at System.Runtime.Loader.AssemblyLoadContext.GetFirstResolvedAssemblyFromResolvingEvent(AssemblyName assemblyName)
   at System.Runtime.Loader.AssemblyLoadContext.ResolveUsingEvent(AssemblyName assemblyName)
   at System.Runtime.Loader.AssemblyLoadContext.ResolveUsingResolvingEvent(IntPtr gchManagedAssemblyLoadContext, AssemblyName assemblyName)
TpTrace Verbose: 0 : 10568, 1, 2023/10/27, 18:40:14.207, 2645056480037, vstest.console.dll, MetadataReaderExtensionsHelper: Discovering extensions inside assembly 'Microsoft.TestPlatform.Extensions.BlameDataCollector, Version=15.0.0.0, Culture=neutral, PublicKeyToken=b03f5f7f11d50a3a' file path 'C:\Program Files\dotnet\sdk\7.0.202\Extensions\Microsoft.TestPlatform.Extensions.BlameDataCollector.dll'
TpTrace Information: 0 : 10568, 1, 2023/10/27, 18:40:14.207, 2645056487437, vstest.console.dll, GetTestExtensionFromType: Register extension with identifier data 'logger://Microsoft/TestPlatform/Extensions/Blame/v1' and type 'Microsoft.TestPlatform.Extensions.BlameDataCollector.BlameLogger, Microsoft.TestPlatform.Extensions.BlameDataCollector, Version=15.0.0.0, Culture=neutral, PublicKeyToken=b03f5f7f11d50a3a' inside file 'C:\Program Files\dotnet\sdk\7.0.202\Extensions\Microsoft.TestPlatform.Extensions.BlameDataCollector.dll'
TpTrace Verbose: 0 : 10568, 1, 2023/10/27, 18:40:14.207, 2645056487946, vstest.console.dll, MetadataReaderExtensionsHelper: Discovering extensions inside assembly 'Microsoft.TestPlatform.Extensions.EventLogCollector, Version=15.0.0.0, Culture=neutral, PublicKeyToken=b03f5f7f11d50a3a' file path 'C:\Program Files\dotnet\sdk\7.0.202\Extensions\Microsoft.TestPlatform.Extensions.EventLogCollector.dll'
TpTrace Verbose: 0 : 10568, 1, 2023/10/27, 18:40:14.208, 2645056493358, vstest.console.dll, MetadataReaderExtensionsHelper: Discovering extensions inside assembly 'Microsoft.TestPlatform.TestHostRuntimeProvider, Version=15.0.0.0, Culture=neutral, PublicKeyToken=b03f5f7f11d50a3a' file path 'C:\Program Files\dotnet\sdk\7.0.202\Extensions\Microsoft.TestPlatform.TestHostRuntimeProvider.dll'
TpTrace Verbose: 0 : 10568, 1, 2023/10/27, 18:40:14.209, 2645056500812, vstest.console.dll, MetadataReaderExtensionsHelper: Discovering extensions inside assembly 'Microsoft.VisualStudio.TestPlatform.Extensions.Html.TestLogger, Version=15.0.0.0, Culture=neutral, PublicKeyToken=b03f5f7f11d50a3a' file path 'C:\Program Files\dotnet\sdk\7.0.202\Extensions\Microsoft.VisualStudio.TestPlatform.Extensions.Html.TestLogger.dll'
TpTrace Information: 0 : 10568, 1, 2023/10/27, 18:40:14.209, 2645056508867, vstest.console.dll, GetTestExtensionFromType: Register extension with identifier data 'logger://Microsoft/TestPlatform/HtmlLogger/v1' and type 'Microsoft.VisualStudio.TestPlatform.Extensions.HtmlLogger.HtmlLogger, Microsoft.VisualStudio.TestPlatform.Extensions.Html.TestLogger, Version=15.0.0.0, Culture=neutral, PublicKeyToken=b03f5f7f11d50a3a' inside file 'C:\Program Files\dotnet\sdk\7.0.202\Extensions\Microsoft.VisualStudio.TestPlatform.Extensions.Html.TestLogger.dll'
TpTrace Verbose: 0 : 10568, 1, 2023/10/27, 18:40:14.210, 2645056509498, vstest.console.dll, MetadataReaderExtensionsHelper: Discovering extensions inside assembly 'Microsoft.VisualStudio.TestPlatform.Extensions.Trx.TestLogger, Version=15.0.0.0, Culture=neutral, PublicKeyToken=b03f5f7f11d50a3a' file path 'C:\Program Files\dotnet\sdk\7.0.202\Extensions\Microsoft.VisualStudio.TestPlatform.Extensions.Trx.TestLogger.dll'
TpTrace Information: 0 : 10568, 1, 2023/10/27, 18:40:14.210, 2645056515303, vstest.console.dll, GetTestExtensionFromType: Register extension with identifier data 'logger://Microsoft/TestPlatform/TrxLogger/v1' and type 'Microsoft.VisualStudio.TestPlatform.Extensions.TrxLogger.TrxLogger, Microsoft.VisualStudio.TestPlatform.Extensions.Trx.TestLogger, Version=15.0.0.0, Culture=neutral, PublicKeyToken=b03f5f7f11d50a3a' inside file 'C:\Program Files\dotnet\sdk\7.0.202\Extensions\Microsoft.VisualStudio.TestPlatform.Extensions.Trx.TestLogger.dll'
TpTrace Verbose: 0 : 10568, 1, 2023/10/27, 18:40:14.210, 2645056516358, vstest.console.dll, TestPluginCache: Discovered the extensions using extension path ''.
TpTrace Verbose: 0 : 10568, 1, 2023/10/27, 18:40:14.210, 2645056516569, vstest.console.dll, TestPluginCache: Discoverers are ''.
TpTrace Verbose: 0 : 10568, 1, 2023/10/27, 18:40:14.210, 2645056516708, vstest.console.dll, TestPluginCache: Executors are ''.
TpTrace Verbose: 0 : 10568, 1, 2023/10/27, 18:40:14.210, 2645056516842, vstest.console.dll, TestPluginCache: Executors2 are ''.
TpTrace Verbose: 0 : 10568, 1, 2023/10/27, 18:40:14.210, 2645056516971, vstest.console.dll, TestPluginCache: Setting providers are ''.
TpTrace Verbose: 0 : 10568, 1, 2023/10/27, 18:40:14.210, 2645056517501, vstest.console.dll, TestPluginCache: Loggers are 'logger://Microsoft/TestPlatform/Extensions/Blame/v1,logger://Microsoft/TestPlatform/HtmlLogger/v1,logger://Microsoft/TestPlatform/TrxLogger/v1'.
TpTrace Verbose: 0 : 10568, 1, 2023/10/27, 18:40:14.210, 2645056517786, vstest.console.dll, TestPluginCache: TestHosts are 'HostProvider://DefaultTestHost,HostProvider://DotnetTestHost'.
TpTrace Verbose: 0 : 10568, 1, 2023/10/27, 18:40:14.210, 2645056517956, vstest.console.dll, TestPluginCache: DataCollectors are ''.
TpTrace Information: 0 : 10568, 1, 2023/10/27, 18:40:14.211, 2645056525857, vstest.console.dll, TestPluginManager.CreateTestExtension: Attempting to load test extension: Microsoft.TestPlatform.Extensions.BlameDataCollector.BlameLogger
TpTrace Verbose: 0 : 10568, 1, 2023/10/27, 18:40:14.218, 2645056596600, vstest.console.dll, TestEngine: Initializing Parallel Execution as MaxCpuCount is set to: 1
TpTrace Information: 0 : 10568, 1, 2023/10/27, 18:40:14.219, 2645056609024, vstest.console.dll, TestPluginManager.CreateTestExtension: Attempting to load test extension: Microsoft.VisualStudio.TestPlatform.CrossPlatEngine.Hosting.DefaultTestHostManager
TpTrace Information: 0 : 10568, 1, 2023/10/27, 18:40:14.221, 2645056622418, vstest.console.dll, TestPluginManager.CreateTestExtension: Attempting to load test extension: Microsoft.VisualStudio.TestPlatform.CrossPlatEngine.Hosting.DotnetTestHostManager
TpTrace Information: 0 : 10568, 1, 2023/10/27, 18:40:14.221, 2645056627384, vstest.console.dll, InferRunSettingsHelper.IsTestSettingsEnabled: Unable to navigate to RunSettings/MSTest. Current node: RunSettings
TpTrace Verbose: 0 : 10568, 1, 2023/10/27, 18:40:14.225, 2645056664454, vstest.console.dll, TestEngine.GetExecutionManager: Chosen execution manager 'Microsoft.VisualStudio.TestPlatform.CrossPlatEngine.Client.Parallel.ParallelProxyExecutionManager, Microsoft.TestPlatform.CrossPlatEngine, Version=15.0.0.0, Culture=neutral, PublicKeyToken=b03f5f7f11d50a3a' ParallelLevel '1'.
TpTrace Verbose: 0 : 10568, 1, 2023/10/27, 18:40:14.225, 2645056666001, vstest.console.dll, TestRunRequest.ExecuteAsync: Creating test run request.
TpTrace Verbose: 0 : 10568, 1, 2023/10/27, 18:40:14.225, 2645056667938, vstest.console.dll, TestRunRequest.ExecuteAsync: Starting.
TpTrace Information: 0 : 10568, 1, 2023/10/27, 18:40:14.226, 2645056670333, vstest.console.dll, TestRunRequest.ExecuteAsync: Starting run with settings:TestRunCriteria:
   KeepAlive=False,FrequencyOfRunStatsChangeEvent=10,RunStatsChangeEventTimeout=00:00:01.5000000,TestCaseFilter=,TestExecutorLauncher=
   Settingsxml=<RunSettings>
  <RunConfiguration>
    <ResultsDirectory>C:\Users\Владимир\Desktop\Политех\Инфа\ООП лабы 3 семак\Готовые лабы\Лаба 9\Код\Laba_9\bin\Debug\net6.0\fine-code-coverage\coverage-tool-output</ResultsDirectory>
    <TargetPlatform>X64</TargetPlatform>
    <TargetFrameworkVersion>.NETCoreApp,Version=v6.0</TargetFrameworkVersion>
    <DesignMode>False</DesignMode>
    <CollectSourceInformation>False</CollectSourceInformation>
  </RunConfiguration>
  <LoggerRunSettings>
    <Loggers>
      <Logger friendlyName="blame" enabled="True" />
      <Logger friendlyName="Console" uri="logger://microsoft/TestPlatform/ConsoleLogger/v1" assemblyQualifiedName="Microsoft.VisualStudio.TestPlatform.CommandLine.Internal.ConsoleLogger, vstest.console, Version=15.0.0.0, Culture=neutral, PublicKeyToken=b03f5f7f11d50a3a" codeBase="C:\Program Files\dotnet\sdk\7.0.202\vstest.console.dll" enabled="True" />
    </Loggers>
  </LoggerRunSettings>
  <DataCollectionRunSettings>
    <DataCollectors>
      <DataCollector friendlyName="blame" enabled="True">
        <Configuration>
          <ResultsDirectory>C:\Users\Владимир\Desktop\Политех\Инфа\ООП лабы 3 семак\Готовые лабы\Лаба 9\Код\Laba_9\bin\Debug\net6.0\fine-code-coverage\coverage-tool-output</ResultsDirectory>
        </Configuration>
      </DataCollector>
    </DataCollectors>
  </DataCollectionRunSettings>
</RunSettings>

TpTrace Verbose: 0 : 10568, 1, 2023/10/27, 18:40:14.226, 2645056670922, vstest.console.dll, TestRunRequest.ExecuteAsync: Wait for the first run request is over.
TpTrace Verbose: 0 : 10568, 1, 2023/10/27, 18:40:14.226, 2645056673934, vstest.console.dll, MulticastDelegateUtilities.SafeInvoke: TestRun.TestRunStart: Invoking callbacks was skipped because there are no subscribers.
TpTrace Verbose: 0 : 10568, 4, 2023/10/27, 18:40:14.227, 2645056684581, vstest.console.dll, MulticastDelegateUtilities.SafeInvoke: InternalTestLoggerEvents.SendTestRunStart: Invoking callback 1/1 for Microsoft.VisualStudio.TestPlatform.CommandLine.Internal.ConsoleLogger., took 0 ms.
TpTrace Verbose: 0 : 10568, 1, 2023/10/27, 18:40:14.228, 2645056691843, vstest.console.dll, ParallelProxyExecutionManager: Start execution. Total sources: 1
TpTrace Verbose: 0 : 10568, 1, 2023/10/27, 18:40:14.229, 2645056703725, vstest.console.dll, TestRequestSender is acting as server.
TpTrace Verbose: 0 : 10568, 1, 2023/10/27, 18:40:14.230, 2645056713701, vstest.console.dll, DataCollectionRequestSender.InitializeCommunication : Initialize communication. 
TpTrace Information: 0 : 10568, 1, 2023/10/27, 18:40:14.233, 2645056742522, vstest.console.dll, Listening on Endpoint : 127.0.0.1:53119
TpTrace Verbose: 0 : 10568, 1, 2023/10/27, 18:40:14.239, 2645056803723, vstest.console.dll, DotnetDataCollectionLauncher: Adding  --runtimeconfig "C:\Program Files\dotnet\sdk\7.0.202\datacollector.runtimeconfig.json" in args
TpTrace Verbose: 0 : 10568, 1, 2023/10/27, 18:40:14.239, 2645056805510, vstest.console.dll, DotnetDataCollectionLauncher: Adding  --depsfile "C:\Program Files\dotnet\sdk\7.0.202\datacollector.deps.json" in args
TpTrace Verbose: 0 : 10568, 1, 2023/10/27, 18:40:14.239, 2645056806991, vstest.console.dll, DotnetDataCollectionLauncher: Full path of dotnet.exe is C:\Program Files\dotnet\dotnet.exe
TpTrace Information: 0 : 10568, 1, 2023/10/27, 18:40:14.245, 2645056867483, vstest.console.dll, ProxyDataCollectionManager.Initialize: Launched datacollector processId: 6108 port: 53119
TpTrace Information: 0 : 10568, 1, 2023/10/27, 18:40:14.246, 2645056869673, vstest.console.dll, ProxyDataCollectionManager.Initialize: waiting for connection with timeout: 90 seconds
TpTrace Verbose: 0 : 10568, 1, 2023/10/27, 18:40:14.246, 2645056870211, vstest.console.dll, DataCollectionRequestSender.WaitForRequestHandlerConnection : Waiting for connection with timeout: 90000
TpTrace Information: 0 : 10568, 7, 2023/10/27, 18:40:14.361, 2645058024985, vstest.console.dll, Using the buffer size of 16384 bytes
TpTrace Verbose: 0 : 10568, 1, 2023/10/27, 18:40:14.361, 2645058025562, vstest.console.dll, SocketCommunicationManager.WaitForClientConnection took: 115 ms, with 90000 ms timeout, and finished with True.
TpTrace Information: 0 : 10568, 7, 2023/10/27, 18:40:14.361, 2645058026646, vstest.console.dll, Accepted Client request and set the flag
TpTrace Verbose: 0 : 10568, 1, 2023/10/27, 18:40:14.361, 2645058026827, vstest.console.dll, ProxyDataCollectionManager.InvokeDataCollectionServiceAction: Starting.
TpTrace Information: 0 : 10568, 1, 2023/10/27, 18:40:14.361, 2645058028526, vstest.console.dll, ProxyDataCollectionManager.BeforeTestRunStart: Get environment variable and port for datacollector processId: 6108 port: 53119
TpTrace Verbose: 0 : 10568, 1, 2023/10/27, 18:40:14.362, 2645058029346, vstest.console.dll, DataCollectionRequestSender.SendBeforeTestRunStartAndGetResult: Send BeforeTestRunStart message with settingsXml <RunSettings><RunConfiguration><ResultsDirectory>C:\Users\Владимир\Desktop\Политех\Инфа\ООП лабы 3 семак\Готовые лабы\Лаба 9\Код\Laba_9\bin\Debug\net6.0\fine-code-coverage\coverage-tool-output</ResultsDirectory><TargetPlatform>X64</TargetPlatform><TargetFrameworkVersion>.NETCoreApp,Version=v6.0</TargetFrameworkVersion><DesignMode>False</DesignMode><CollectSourceInformation>False</CollectSourceInformation><TestAdaptersPaths>C:\Program Files\dotnet\sdk\7.0.202\Extensions</TestAdaptersPaths></RunConfiguration><LoggerRunSettings><Loggers><Logger friendlyName="blame" enabled="True" /><Logger friendlyName="Console" uri="logger://microsoft/TestPlatform/ConsoleLogger/v1" assemblyQualifiedName="Microsoft.VisualStudio.TestPlatform.CommandLine.Internal.ConsoleLogger, vstest.console, Version=15.0.0.0, Culture=neutral, PublicKeyToken=b03f5f7f11d50a3a" codeBase="C:\Program Files\dotnet\sdk\7.0.202\vstest.console.dll" enabled="True" /></Loggers></LoggerRunSettings><DataCollectionRunSettings><DataCollectors><DataCollector friendlyName="blame" enabled="True"><Configuration><ResultsDirectory>C:\Users\Владимир\Desktop\Политех\Инфа\ООП лабы 3 семак\Готовые лабы\Лаба 9\Код\Laba_9\bin\Debug\net6.0\fine-code-coverage\coverage-tool-output</ResultsDirectory></Configuration></DataCollector></DataCollectors></DataCollectionRunSettings></RunSettings> and sources System.Collections.Generic.List`1[System.String]: 
TpTrace Verbose: 0 : 10568, 1, 2023/10/27, 18:40:14.426, 2645058675340, vstest.console.dll, DataCollectionRequestSender.SendBeforeTestRunStartAndGetResult: Received message: (DataCollection.SendMessage) -> {"MessageType":"DataCollection.SendMessage","Payload":{"FriendlyName":null,"Uri":null,"TestCaseId":"00000000-0000-0000-0000-000000000000","Message":"Logging DataCollector Diagnostics in file: C:\\Users\\Владимир\\Desktop\\Политех\\Инфа\\ООП лабы 3 семак\\Готовые лабы\\Лаба 9\\Код\\Laba_9\\bin\\Debug\\net6.0\\fine-code-coverage\\coverage-tool-output\\diagnostics.datacollector.23-10-27_18-40-14_23914_1.log","Level":0}}
TpTrace Verbose: 0 : 10568, 1, 2023/10/27, 18:40:14.498, 2645059396710, vstest.console.dll, DataCollectionRequestSender.SendBeforeTestRunStartAndGetResult: Received message: (DataCollection.BeforeTestRunStartResult) -> {"MessageType":"DataCollection.BeforeTestRunStartResult","Payload":{"EnvironmentVariables":{},"DataCollectionEventsPort":53121}}
TpTrace Information: 0 : 10568, 1, 2023/10/27, 18:40:14.503, 2645059441664, vstest.console.dll, ProxyDataCollectionManager.BeforeTestRunStart: SendBeforeTestRunStartAndGetResult successful, env variable from datacollector:   and testhost port: 53121
TpTrace Information: 0 : 10568, 1, 2023/10/27, 18:40:14.503, 2645059442672, vstest.console.dll, ProxyDataCollectionManager.InvokeDataCollectionServiceAction: Completed.
TpTrace Verbose: 0 : 10568, 1, 2023/10/27, 18:40:14.503, 2645059443844, vstest.console.dll, ProxyParallelExecutionManager: No sources available for execution.
TpTrace Verbose: 0 : 10568, 7, 2023/10/27, 18:40:14.503, 2645059443992, vstest.console.dll, ParallelProxyExecutionManager: Execution started. Started clients: 1
TpTrace Information: 0 : 10568, 1, 2023/10/27, 18:40:14.503, 2645059444260, vstest.console.dll, TestRunRequest.ExecuteAsync: Started.
TpTrace Verbose: 0 : 10568, 1, 2023/10/27, 18:40:14.503, 2645059445274, vstest.console.dll, TestRunRequest.WaitForCompletion: Waiting with timeout -1.
TpTrace Verbose: 0 : 10568, 7, 2023/10/27, 18:40:14.503, 2645059446655, vstest.console.dll, TestRunRequest:SendTestRunMessage: Starting.
TpTrace Verbose: 0 : 10568, 7, 2023/10/27, 18:40:14.503, 2645059447898, vstest.console.dll, MulticastDelegateUtilities.SafeInvoke: TestRun.LogMessages: Invoking callback 1/1 for Microsoft.VisualStudio.TestPlatform.CommandLine.TestRunResultAggregator., took 0 ms.
TpTrace Information: 0 : 10568, 7, 2023/10/27, 18:40:14.503, 2645059448163, vstest.console.dll, TestRunRequest:SendTestRunMessage: Completed.
TpTrace Verbose: 0 : 10568, 7, 2023/10/27, 18:40:14.504, 2645059449602, vstest.console.dll, ProxyExecutionManager: Test host is always Lazy initialize.
TpTrace Verbose: 0 : 10568, 4, 2023/10/27, 18:40:14.504, 2645059450430, vstest.console.dll, MulticastDelegateUtilities.SafeInvoke: InternalTestLoggerEvents.SendTestRunMessage: Invoking callback 1/1 for Microsoft.VisualStudio.TestPlatform.CommandLine.Internal.ConsoleLogger., took 0 ms.
TpTrace Verbose: 0 : 10568, 7, 2023/10/27, 18:40:14.504, 2645059451706, vstest.console.dll, TestRequestSender.InitializeCommunication: initialize communication. 
TpTrace Information: 0 : 10568, 7, 2023/10/27, 18:40:14.504, 2645059456043, vstest.console.dll, SocketServer.Start: Listening on endpoint : 127.0.0.1:53122
TpTrace Verbose: 0 : 10568, 7, 2023/10/27, 18:40:14.505, 2645059463035, vstest.console.dll, DotnetTestHostmanager.GetTestHostProcessStartInfo: Platform environment 'X64' target architecture 'X64' framework '.NETCoreApp,Version=v6.0' OS 'Windows'
TpTrace Verbose: 0 : 10568, 7, 2023/10/27, 18:40:14.505, 2645059465053, vstest.console.dll, DotnetTestHostmanager: Adding  --runtimeconfig "C:\Users\Владимир\Desktop\Политех\Инфа\ООП лабы 3 семак\Готовые лабы\Лаба 9\Код\Laba_9\bin\Debug\net6.0\fine-code-coverage\build-output\Laba_9.runtimeconfig.json" in args
TpTrace Verbose: 0 : 10568, 7, 2023/10/27, 18:40:14.505, 2645059465772, vstest.console.dll, DotnetTestHostmanager: Adding  --depsfile "C:\Users\Владимир\Desktop\Политех\Инфа\ООП лабы 3 семак\Готовые лабы\Лаба 9\Код\Laba_9\bin\Debug\net6.0\fine-code-coverage\build-output\Laba_9.deps.json" in args
TpTrace Verbose: 0 : 10568, 7, 2023/10/27, 18:40:14.505, 2645059467110, vstest.console.dll, DotnetTestHostmanager.IsWinOnArm: Current PROCESSOR_ARCHITECTURE from environment variable 'AMD64'
TpTrace Verbose: 0 : 10568, 7, 2023/10/27, 18:40:14.505, 2645059467499, vstest.console.dll, DotnetTestHostmanager.IsWinOnArm: Is Windows on ARM 'False'
TpTrace Information: 0 : 10568, 7, 2023/10/27, 18:40:14.505, 2645059468566, vstest.console.dll, AssemblyResolver.OnResolve: Microsoft.Extensions.DependencyModel: Resolving assembly.
TpTrace Information: 0 : 10568, 7, 2023/10/27, 18:40:14.505, 2645059469018, vstest.console.dll, AssemblyResolver.OnResolve: Microsoft.Extensions.DependencyModel: Searching in: 'C:\Program Files\dotnet\sdk\7.0.202\Extensions'.
TpTrace Information: 0 : 10568, 7, 2023/10/27, 18:40:14.506, 2645059469539, vstest.console.dll, AssemblyResolver.OnResolve: Microsoft.Extensions.DependencyModel: Assembly path does not exist: 'C:\Program Files\dotnet\sdk\7.0.202\Extensions\Microsoft.Extensions.DependencyModel.dll', returning.
TpTrace Information: 0 : 10568, 7, 2023/10/27, 18:40:14.506, 2645059469970, vstest.console.dll, AssemblyResolver.OnResolve: Microsoft.Extensions.DependencyModel: Assembly path does not exist: 'C:\Program Files\dotnet\sdk\7.0.202\Extensions\Microsoft.Extensions.DependencyModel.exe', returning.
TpTrace Information: 0 : 10568, 7, 2023/10/27, 18:40:14.506, 2645059470148, vstest.console.dll, AssemblyResolver.OnResolve: Microsoft.Extensions.DependencyModel: Searching in: 'C:\Program Files\dotnet\sdk\7.0.202'.
TpTrace Information: 0 : 10568, 7, 2023/10/27, 18:40:14.506, 2645059478907, vstest.console.dll, AssemblyResolver.OnResolve: Microsoft.Extensions.DependencyModel: Loading assembly 'C:\Program Files\dotnet\sdk\7.0.202\Microsoft.Extensions.DependencyModel.dll'.
TpTrace Information: 0 : 10568, 7, 2023/10/27, 18:40:14.507, 2645059487973, vstest.console.dll, AssemblyResolver.OnResolve: Resolved assembly: Microsoft.Extensions.DependencyModel, from path: C:\Program Files\dotnet\sdk\7.0.202\Microsoft.Extensions.DependencyModel.dll
TpTrace Verbose: 0 : 10568, 7, 2023/10/27, 18:40:14.508, 2645059490646, vstest.console.dll, DotnetTestHostmanager: Runtimeconfig.dev.json C:\Users\Владимир\Desktop\Политех\Инфа\ООП лабы 3 семак\Готовые лабы\Лаба 9\Код\Laba_9\bin\Debug\net6.0\fine-code-coverage\build-output\Laba_9.runtimeconfig.dev.json does not exist.
TpTrace Verbose: 0 : 10568, 7, 2023/10/27, 18:40:14.508, 2645059491792, vstest.console.dll, DotnetTestHostmanager: Runtimeconfig.dev.json C:\Users\Владимир\Desktop\Политех\Инфа\ООП лабы 3 семак\Готовые лабы\Лаба 9\Код\Laba_9\bin\Debug\net6.0\fine-code-coverage\build-output\Laba_9.runtimeconfig.dev.json does not exist.
TpTrace Verbose: 0 : 10568, 7, 2023/10/27, 18:40:14.508, 2645059492735, vstest.console.dll, DotnetTestHostManager: Found testhost.dll next to runner executable: C:\Program Files\dotnet\sdk\7.0.202\testhost.dll.
TpTrace Verbose: 0 : 10568, 7, 2023/10/27, 18:40:14.508, 2645059493010, vstest.console.dll, DotnetTestHostmanager: Adding  --additional-deps "C:\Program Files\dotnet\sdk\7.0.202\testhost.deps.json" in args
TpTrace Verbose: 0 : 10568, 7, 2023/10/27, 18:40:14.508, 2645059493236, vstest.console.dll, DotnetTestHostmanager: Adding  --additionalprobingpath "C:\Program Files\dotnet\sdk\7.0.202" in args
TpTrace Verbose: 0 : 10568, 7, 2023/10/27, 18:40:14.508, 2645059493546, vstest.console.dll, DotnetTestHostmanager: Current process architetcure 'X64'
TpTrace Verbose: 0 : 10568, 7, 2023/10/27, 18:40:14.508, 2645059494756, vstest.console.dll, DotnetTestHostmanager.LaunchTestHostAsync: Compatible muxer architecture of running process 'X64' and target architecture 'X64'
TpTrace Verbose: 0 : 10568, 7, 2023/10/27, 18:40:14.508, 2645059494998, vstest.console.dll, DotnetTestHostmanager: Full path of testhost.dll is C:\Program Files\dotnet\sdk\7.0.202\testhost.dll
TpTrace Verbose: 0 : 10568, 7, 2023/10/27, 18:40:14.508, 2645059495215, vstest.console.dll, DotnetTestHostmanager: Full path of host exe is C:\Program Files\dotnet\dotnet.exe
TpTrace Verbose: 0 : 10568, 7, 2023/10/27, 18:40:14.508, 2645059496735, vstest.console.dll, DotnetTestHostManager: Starting process 'C:\Program Files\dotnet\dotnet.exe' with command line 'exec --runtimeconfig "C:\Users\Владимир\Desktop\Политех\Инфа\ООП лабы 3 семак\Готовые лабы\Лаба 9\Код\Laba_9\bin\Debug\net6.0\fine-code-coverage\build-output\Laba_9.runtimeconfig.json" --depsfile "C:\Users\Владимир\Desktop\Политех\Инфа\ООП лабы 3 семак\Готовые лабы\Лаба 9\Код\Laba_9\bin\Debug\net6.0\fine-code-coverage\build-output\Laba_9.deps.json" --additional-deps "C:\Program Files\dotnet\sdk\7.0.202\testhost.deps.json" --additionalprobingpath "C:\Program Files\dotnet\sdk\7.0.202" "C:\Program Files\dotnet\sdk\7.0.202\testhost.dll" --port 53122 --endpoint 127.0.0.1:053122 --role client --parentprocessid 10568 --diag "C:\Users\Владимир\Desktop\Политех\Инфа\ООП лабы 3 семак\Готовые лабы\Лаба 9\Код\Laba_9\bin\Debug\net6.0\fine-code-coverage\coverage-tool-output\diagnostics.host.23-10-27_18-40-14_50502_7.log" --tracelevel 4 --datacollectionport 53121 --telemetryoptedin false'
TpTrace Verbose: 0 : 10568, 7, 2023/10/27, 18:40:14.513, 2645059542762, vstest.console.dll, MulticastDelegateUtilities.SafeInvoke: HostProviderEvents.OnHostLaunched: Invoking callback 1/2 for Microsoft.VisualStudio.TestPlatform.CrossPlatEngine.Client.ProxyExecutionManagerWithDataCollection., took 1 ms.
TpTrace Verbose: 0 : 10568, 7, 2023/10/27, 18:40:14.513, 2645059545771, vstest.console.dll, Test Runtime launched
TpTrace Verbose: 0 : 10568, 7, 2023/10/27, 18:40:14.513, 2645059546420, vstest.console.dll, MulticastDelegateUtilities.SafeInvoke: HostProviderEvents.OnHostLaunched: Invoking callback 2/2 for Microsoft.VisualStudio.TestPlatform.CrossPlatEngine.Client.ProxyOperationManager., took 0 ms.
TpTrace Verbose: 0 : 10568, 7, 2023/10/27, 18:40:14.513, 2645059547851, vstest.console.dll, TestRequestSender.WaitForRequestHandlerConnection: waiting for connection with timeout: 90000.
TpTrace Verbose: 0 : 10568, 7, 2023/10/27, 18:40:14.648, 2645060897305, vstest.console.dll, TestRequestSender.WaitForRequestHandlerConnection: waiting took 134 ms, with timeout 90000 ms, and result 0, which is success.
TpTrace Verbose: 0 : 10568, 10, 2023/10/27, 18:40:14.648, 2645060897305, vstest.console.dll, MulticastDelegateUtilities.SafeInvoke: SocketServer: ClientConnected: Invoking callback 1/1 for Microsoft.VisualStudio.TestPlatform.CommunicationUtilities.TestRequestSender., took 0 ms.
TpTrace Verbose: 0 : 10568, 10, 2023/10/27, 18:40:14.648, 2645060899171, vstest.console.dll, SocketServer.OnClientConnected: Client connected for endPoint: 127.0.0.1:53122, starting MessageLoopAsync:
TpTrace Verbose: 0 : 10568, 10, 2023/10/27, 18:40:14.649, 2645060901691, vstest.console.dll, TcpClientExtensions.MessageLoopAsync: Polling on remoteEndPoint: 127.0.0.1:53123 localEndPoint: 127.0.0.1:53122
TpTrace Verbose: 0 : 10568, 7, 2023/10/27, 18:40:14.649, 2645060907414, vstest.console.dll, TestRequestSender.CheckVersionWithTestHost: Sending check version message: {"MessageType":"ProtocolVersion","Payload":7}
TpTrace Verbose: 0 : 10568, 10, 2023/10/27, 18:40:14.774, 2645062151424, vstest.console.dll, TcpClientExtensions.MessageLoopAsync: NotifyDataAvailable remoteEndPoint: 127.0.0.1:53123 localEndPoint: 127.0.0.1:53122
TpTrace Verbose: 0 : 10568, 10, 2023/10/27, 18:40:14.774, 2645062153571, vstest.console.dll, TestRequestSender.CheckVersionWithTestHost: onMessageReceived received message: (ProtocolVersion) -> {"MessageType":"ProtocolVersion","Payload":7}
TpTrace Verbose: 0 : 10568, 10, 2023/10/27, 18:40:14.774, 2645062159191, vstest.console.dll, MulticastDelegateUtilities.SafeInvoke: LengthPrefixCommunicationChannel: MessageReceived: Invoking callback 1/1 for Microsoft.VisualStudio.TestPlatform.CommunicationUtilities.TestRequestSender+<>c__DisplayClass29_0., took 0 ms.
TpTrace Verbose: 0 : 10568, 10, 2023/10/27, 18:40:14.775, 2645062159990, vstest.console.dll, TcpClientExtensions.MessageLoopAsync: Polling on remoteEndPoint: 127.0.0.1:53123 localEndPoint: 127.0.0.1:53122
TpTrace Verbose: 0 : 10568, 7, 2023/10/27, 18:40:14.775, 2645062160712, vstest.console.dll, TestPluginCache.GetExtensionPaths: Filtered extension paths: 
TpTrace Verbose: 0 : 10568, 7, 2023/10/27, 18:40:14.775, 2645062161323, vstest.console.dll, TestPluginCache.GetExtensionPaths: Added default extension paths: C:\Program Files\dotnet\sdk\7.0.202\Extensions\Microsoft.Diagnostics.NETCore.Client.dll
C:\Program Files\dotnet\sdk\7.0.202\Extensions\Microsoft.TestPlatform.Extensions.BlameDataCollector.dll
C:\Program Files\dotnet\sdk\7.0.202\Extensions\Microsoft.TestPlatform.Extensions.EventLogCollector.dll
C:\Program Files\dotnet\sdk\7.0.202\Extensions\Microsoft.TestPlatform.TestHostRuntimeProvider.dll
C:\Program Files\dotnet\sdk\7.0.202\Extensions\Microsoft.VisualStudio.TestPlatform.Extensions.Html.TestLogger.dll
C:\Program Files\dotnet\sdk\7.0.202\Extensions\Microsoft.VisualStudio.TestPlatform.Extensions.Trx.TestLogger.dll
TpTrace Verbose: 0 : 10568, 7, 2023/10/27, 18:40:14.775, 2645062161537, vstest.console.dll, TestPluginCache.GetExtensionPaths: Added unfilterableExtensionPaths: 
TpTrace Warning: 0 : 10568, 7, 2023/10/27, 18:40:14.776, 2645062170027, vstest.console.dll, InferRunSettingsHelper.MakeRunsettingsCompatible: Removing the following settings: TargetPlatform from RunSettings file. To use those settings please move to latest version of Microsoft.NET.Test.Sdk
TpTrace Verbose: 0 : 10568, 10, 2023/10/27, 18:40:14.780, 2645062209558, vstest.console.dll, TcpClientExtensions.MessageLoopAsync: NotifyDataAvailable remoteEndPoint: 127.0.0.1:53123 localEndPoint: 127.0.0.1:53122
TpTrace Verbose: 0 : 10568, 10, 2023/10/27, 18:40:14.780, 2645062212522, vstest.console.dll, TestRequestSender.OnExecutionMessageReceived: Received message: {"Version":7,"MessageType":"TestSession.Message","Payload":{"MessageLevel":0,"Message":"Ведение журналов диагностики TestHost в файле: C:\\Users\\Владимир\\Desktop\\Политех\\Инфа\\ООП лабы 3 семак\\Готовые лабы\\Лаба 9\\Код\\Laba_9\\bin\\Debug\\net6.0\\fine-code-coverage\\coverage-tool-output\\diagnostics.host.23-10-27_18-40-14_50502_7.log"}}
TpTrace Verbose: 0 : 10568, 10, 2023/10/27, 18:40:14.786, 2645062274149, vstest.console.dll, TestRunRequest:SendTestRunMessage: Starting.
TpTrace Verbose: 0 : 10568, 10, 2023/10/27, 18:40:14.786, 2645062275582, vstest.console.dll, MulticastDelegateUtilities.SafeInvoke: TestRun.LogMessages: Invoking callback 1/1 for Microsoft.VisualStudio.TestPlatform.CommandLine.TestRunResultAggregator., took 0 ms.
TpTrace Information: 0 : 10568, 10, 2023/10/27, 18:40:14.786, 2645062275976, vstest.console.dll, TestRunRequest:SendTestRunMessage: Completed.
TpTrace Verbose: 0 : 10568, 10, 2023/10/27, 18:40:14.786, 2645062276226, vstest.console.dll, MulticastDelegateUtilities.SafeInvoke: LengthPrefixCommunicationChannel: MessageReceived: Invoking callback 1/1 for Microsoft.VisualStudio.TestPlatform.CommunicationUtilities.TestRequestSender+<>c__DisplayClass34_0., took 6 ms.
TpTrace Verbose: 0 : 10568, 10, 2023/10/27, 18:40:14.786, 2645062276506, vstest.console.dll, TcpClientExtensions.MessageLoopAsync: Polling on remoteEndPoint: 127.0.0.1:53123 localEndPoint: 127.0.0.1:53122
TpTrace Verbose: 0 : 10568, 4, 2023/10/27, 18:40:14.786, 2645062276722, vstest.console.dll, MulticastDelegateUtilities.SafeInvoke: InternalTestLoggerEvents.SendTestRunMessage: Invoking callback 1/1 for Microsoft.VisualStudio.TestPlatform.CommandLine.Internal.ConsoleLogger., took 0 ms.
TpTrace Verbose: 0 : 10568, 7, 2023/10/27, 18:40:14.787, 2645062287479, vstest.console.dll, TestRequestSender.StartTestRun: Sending test run with message: {"Version":7,"MessageType":"TestExecution.StartWithSources","Payload":{"AdapterSourceMap":{"_none_":["C:\\Users\\Владимир\\Desktop\\Политех\\Инфа\\ООП лабы 3 семак\\Готовые лабы\\Лаба 9\\Код\\Laba_9\\bin\\Debug\\net6.0\\fine-code-coverage\\build-output\\Laba_9.dll"]},"RunSettings":"<RunSettings>\r\n  <RunConfiguration>\r\n    <ResultsDirectory>C:\\Users\\Владимир\\Desktop\\Политех\\Инфа\\ООП лабы 3 семак\\Готовые лабы\\Лаба 9\\Код\\Laba_9\\bin\\Debug\\net6.0\\fine-code-coverage\\coverage-tool-output</ResultsDirectory>\r\n    <TargetFrameworkVersion>.NETCoreApp,Version=v6.0</TargetFrameworkVersion>\r\n    <DesignMode>False</DesignMode>\r\n    <CollectSourceInformation>False</CollectSourceInformation>\r\n  </RunConfiguration>\r\n  <LoggerRunSettings>\r\n    <Loggers>\r\n      <Logger friendlyName=\"blame\" enabled=\"True\" />\r\n      <Logger friendlyName=\"Console\" uri=\"logger://microsoft/TestPlatform/ConsoleLogger/v1\" assemblyQualifiedName=\"Microsoft.VisualStudio.TestPlatform.CommandLine.Internal.ConsoleLogger, vstest.console, Version=15.0.0.0, Culture=neutral, PublicKeyToken=b03f5f7f11d50a3a\" codeBase=\"C:\\Program Files\\dotnet\\sdk\\7.0.202\\vstest.console.dll\" enabled=\"True\" />\r\n    </Loggers>\r\n  </LoggerRunSettings>\r\n  <DataCollectionRunSettings>\r\n    <DataCollectors>\r\n      <DataCollector friendlyName=\"blame\" enabled=\"True\">\r\n        <Configuration>\r\n          <ResultsDirectory>C:\\Users\\Владимир\\Desktop\\Политех\\Инфа\\ООП лабы 3 семак\\Готовые лабы\\Лаба 9\\Код\\Laba_9\\bin\\Debug\\net6.0\\fine-code-coverage\\coverage-tool-output</ResultsDirectory>\r\n        </Configuration>\r\n      </DataCollector>\r\n    </DataCollectors>\r\n  </DataCollectionRunSettings>\r\n</RunSettings>","TestExecutionContext":{"FrequencyOfRunStatsChangeEvent":10,"RunStatsChangeEventTimeout":"00:00:01.5000000","InIsolation":false,"KeepAlive":false,"AreTestCaseLevelEventsRequired":false,"IsDebug":false,"TestCaseFilter":null,"FilterOptions":null},"Package":null}}
TpTrace Verbose: 0 : 10568, 10, 2023/10/27, 18:40:14.934, 2645063751908, vstest.console.dll, TcpClientExtensions.MessageLoopAsync: NotifyDataAvailable remoteEndPoint: 127.0.0.1:53123 localEndPoint: 127.0.0.1:53122
TpTrace Verbose: 0 : 10568, 10, 2023/10/27, 18:40:14.934, 2645063753600, vstest.console.dll, TestRequestSender.OnExecutionMessageReceived: Received message: {"Version":7,"MessageType":"TestSession.Message","Payload":{"MessageLevel":1,"Message":"В C:\\Users\\Владимир\\Desktop\\Политех\\Инфа\\ООП лабы 3 семак\\Готовые лабы\\Лаба 9\\Код\\Laba_9\\bin\\Debug\\net6.0\\fine-code-coverage\\build-output\\Laba_9.dll нет доступных тестов. Убедитесь, что средства обнаружения и выполнения тестов зарегистрированы, а также проверьте правильность параметров платформы и версии платформы, после чего повторите попытку."}}
TpTrace Verbose: 0 : 10568, 10, 2023/10/27, 18:40:14.934, 2645063755852, vstest.console.dll, TestRunRequest:SendTestRunMessage: Starting.
TpTrace Verbose: 0 : 10568, 10, 2023/10/27, 18:40:14.934, 2645063756406, vstest.console.dll, MulticastDelegateUtilities.SafeInvoke: TestRun.LogMessages: Invoking callback 1/1 for Microsoft.VisualStudio.TestPlatform.CommandLine.TestRunResultAggregator., took 0 ms.
TpTrace Information: 0 : 10568, 10, 2023/10/27, 18:40:14.934, 2645063756754, vstest.console.dll, TestRunRequest:SendTestRunMessage: Completed.
TpTrace Verbose: 0 : 10568, 10, 2023/10/27, 18:40:14.934, 2645063756944, vstest.console.dll, MulticastDelegateUtilities.SafeInvoke: LengthPrefixCommunicationChannel: MessageReceived: Invoking callback 1/1 for Microsoft.VisualStudio.TestPlatform.CommunicationUtilities.TestRequestSender+<>c__DisplayClass34_0., took 0 ms.
TpTrace Verbose: 0 : 10568, 10, 2023/10/27, 18:40:14.934, 2645063757173, vstest.console.dll, TcpClientExtensions.MessageLoopAsync: Polling on remoteEndPoint: 127.0.0.1:53123 localEndPoint: 127.0.0.1:53122
TpTrace Verbose: 0 : 10568, 4, 2023/10/27, 18:40:14.934, 2645063758841, vstest.console.dll, MulticastDelegateUtilities.SafeInvoke: InternalTestLoggerEvents.SendTestRunMessage: Invoking callback 1/1 for Microsoft.VisualStudio.TestPlatform.CommandLine.Internal.ConsoleLogger., took 0 ms.
TpTrace Verbose: 0 : 10568, 10, 2023/10/27, 18:40:14.962, 2645064031318, vstest.console.dll, TcpClientExtensions.MessageLoopAsync: NotifyDataAvailable remoteEndPoint: 127.0.0.1:53123 localEndPoint: 127.0.0.1:53122
TpTrace Verbose: 0 : 10568, 10, 2023/10/27, 18:40:14.962, 2645064033223, vstest.console.dll, TestRequestSender.OnExecutionMessageReceived: Received message: {"Version":7,"MessageType":"TestExecution.Completed","Payload":{"TestRunCompleteArgs":{"TestRunStatistics":{"ExecutedTests":0,"Stats":{}},"IsCanceled":false,"IsAborted":false,"Error":null,"AttachmentSets":[],"InvokedDataCollectors":[],"ElapsedTimeInRunningTests":"00:00:00.0039662","Metrics":{},"DiscoveredExtensions":{"TestDiscoverers":[],"TestSettingsProviders":[]}},"LastRunTests":{"NewTestResults":[],"TestRunStatistics":{"ExecutedTests":0,"Stats":{}},"ActiveTests":[]},"RunAttachments":[],"ExecutorUris":[]}}
TpTrace Verbose: 0 : 10568, 10, 2023/10/27, 18:40:14.962, 2645064034005, vstest.console.dll, TestRequestSender.EndSession: Sending end session.
TpTrace Verbose: 0 : 10568, 10, 2023/10/27, 18:40:14.962, 2645064035343, vstest.console.dll, ProxyOperationManager.Close: waiting for test host to exit for 100 ms
TpTrace Warning: 0 : 10568, 11, 2023/10/27, 18:40:14.985, 2645064264283, vstest.console.dll, TestHostManagerCallbacks.ErrorReceivedCallback Test host standard error line: 
TpTrace Verbose: 0 : 10568, 11, 2023/10/27, 18:40:14.990, 2645064318675, vstest.console.dll, TestHostProvider.ExitCallBack: Host exited starting callback.
TpTrace Information: 0 : 10568, 11, 2023/10/27, 18:40:14.991, 2645064320420, vstest.console.dll, TestHostManagerCallbacks.ExitCallBack: Testhost processId: 3936 exited with exitcode: 0 error: ''
TpTrace Verbose: 0 : 10568, 11, 2023/10/27, 18:40:14.991, 2645064320733, vstest.console.dll, DotnetTestHostManager.OnHostExited: invoking OnHostExited callback
TpTrace Verbose: 0 : 10568, 11, 2023/10/27, 18:40:14.991, 2645064321080, vstest.console.dll, CrossPlatEngine.TestHostManagerHostExited: calling on client process exit callback.
TpTrace Information: 0 : 10568, 11, 2023/10/27, 18:40:14.991, 2645064321400, vstest.console.dll, TestRequestSender.OnClientProcessExit: Test host process exited. Standard error: 
TpTrace Information: 0 : 10568, 11, 2023/10/27, 18:40:14.991, 2645064321748, vstest.console.dll, SocketServer.Stop: Stop server endPoint: 127.0.0.1:53122
TpTrace Information: 0 : 10568, 11, 2023/10/27, 18:40:14.991, 2645064321916, vstest.console.dll, SocketServer.Stop: Cancellation requested. Stopping message loop.
TpTrace Information: 0 : 10568, 10, 2023/10/27, 18:40:14.991, 2645064322551, vstest.console.dll, SocketServer.Stop: Stop server endPoint: 127.0.0.1:53122
TpTrace Information: 0 : 10568, 10, 2023/10/27, 18:40:14.991, 2645064323183, vstest.console.dll, SocketServer.Stop: Cancellation requested. Stopping message loop.
TpTrace Verbose: 0 : 10568, 11, 2023/10/27, 18:40:14.991, 2645064322606, vstest.console.dll, MulticastDelegateUtilities.SafeInvoke: HostProviderEvents.OnHostExited: Invoking callback 1/1 for Microsoft.VisualStudio.TestPlatform.CrossPlatEngine.Client.ProxyOperationManager., took 0 ms.
TpTrace Information: 0 : 10568, 10, 2023/10/27, 18:40:14.991, 2645064323717, vstest.console.dll, Closing the connection
TpTrace Verbose: 0 : 10568, 10, 2023/10/27, 18:40:14.991, 2645064326559, vstest.console.dll, ProxyDataCollectionManager.InvokeDataCollectionServiceAction: Starting.
TpTrace Information: 0 : 10568, 10, 2023/10/27, 18:40:14.991, 2645064326936, vstest.console.dll, ProxyDataCollectionManager.AfterTestRunEnd: Get attachment set and invoked data collectors processId: 6108 port: 53119
TpTrace Verbose: 0 : 10568, 10, 2023/10/27, 18:40:14.991, 2645064327228, vstest.console.dll, DataCollectionRequestSender.SendAfterTestRunStartAndGetResult: Send AfterTestRunEnd message with isCancelled: False
TpTrace Verbose: 0 : 10568, 10, 2023/10/27, 18:40:14.998, 2645064398921, vstest.console.dll, DataCollectionRequestSender.SendAfterTestRunStartAndGetResult: Received message: (DataCollection.AfterTestRunEndResult) -> {"MessageType":"DataCollection.AfterTestRunEndResult","Payload":{"AttachmentSets":[],"InvokedDataCollectors":[{"Uri":"datacollector://Microsoft/TestPlatform/Extensions/Blame/v1","FriendlyName":"Blame","AssemblyQualifiedName":"Microsoft.TestPlatform.Extensions.BlameDataCollector.BlameCollector, Microsoft.TestPlatform.Extensions.BlameDataCollector, Version=15.0.0.0, Culture=neutral, PublicKeyToken=b03f5f7f11d50a3a","FilePath":"C:\\Program Files\\dotnet\\sdk\\7.0.202\\Extensions\\Microsoft.TestPlatform.Extensions.BlameDataCollector.dll","HasAttachmentProcessor":false}],"Metrics":{}}}
TpTrace Information: 0 : 10568, 10, 2023/10/27, 18:40:15.004, 2645064451439, vstest.console.dll, ProxyDataCollectionManager.InvokeDataCollectionServiceAction: Completed.
TpTrace Warning: 0 : 10568, 9, 2023/10/27, 18:40:15.015, 2645064569202, vstest.console.dll, DataCollectionLauncher.ErrorReceivedCallback datacollector standard error line: 
TpTrace Information: 0 : 10568, 9, 2023/10/27, 18:40:15.021, 2645064620528, vstest.console.dll, DataCollectionLauncher.ExitCallBack: Data collector exited with exitcode: 0 error: ''
TpTrace Verbose: 0 : 10568, 10, 2023/10/27, 18:40:15.032, 2645064732274, vstest.console.dll, TestRunRequest:SendTestRunStatsChange: Starting.
TpTrace Verbose: 0 : 10568, 10, 2023/10/27, 18:40:15.032, 2645064733912, vstest.console.dll, MulticastDelegateUtilities.SafeInvoke: TestRun.RunStatsChanged: Invoking callbacks was skipped because there are no subscribers.
TpTrace Information: 0 : 10568, 10, 2023/10/27, 18:40:15.032, 2645064734179, vstest.console.dll, TestRunRequest:SendTestRunStatsChange: Completed.
TpTrace Verbose: 0 : 10568, 10, 2023/10/27, 18:40:15.032, 2645064736504, vstest.console.dll, ParallelProxyExecutionManager: HandlePartialRunComplete: Total completed clients = 1, Run complete = True, Run canceled: False.
TpTrace Verbose: 0 : 10568, 4, 2023/10/27, 18:40:15.039, 2645064804786, vstest.console.dll, MulticastDelegateUtilities.SafeInvoke: InternalTestLoggerEvents.SendTestRunComplete: Invoking callback 1/2 for Microsoft.TestPlatform.Extensions.BlameDataCollector.BlameLogger., took 0 ms.
TpTrace Verbose: 0 : 10568, 4, 2023/10/27, 18:40:15.042, 2645064831284, vstest.console.dll, MulticastDelegateUtilities.SafeInvoke: InternalTestLoggerEvents.SendTestRunComplete: Invoking callback 2/2 for Microsoft.VisualStudio.TestPlatform.CommandLine.Internal.ConsoleLogger., took 2 ms.
TpTrace Verbose: 0 : 10568, 10, 2023/10/27, 18:40:15.042, 2645064834625, vstest.console.dll, TestRunRequest:TestRunComplete: Starting. IsAborted:False IsCanceled:False.
TpTrace Verbose: 0 : 10568, 10, 2023/10/27, 18:40:15.043, 2645064843394, vstest.console.dll, TestLoggerManager.HandleTestRunComplete: Ignoring as the object is disposed.
TpTrace Verbose: 0 : 10568, 10, 2023/10/27, 18:40:15.043, 2645064847685, vstest.console.dll, MulticastDelegateUtilities.SafeInvoke: TestRun.TestRunComplete: Invoking callback 1/2 for Microsoft.VisualStudio.TestPlatform.CommandLine.TestRunResultAggregator., took 0 ms.
TpTrace Verbose: 0 : 10568, 10, 2023/10/27, 18:40:15.044, 2645064849587, vstest.console.dll, MulticastDelegateUtilities.SafeInvoke: TestRun.TestRunComplete: Invoking callback 2/2 for Microsoft.VisualStudio.TestPlatform.CommandLine.Processors.RunTestsArgumentExecutor+TestRunRequestEventsRegistrar., took 0 ms.
TpTrace Information: 0 : 10568, 10, 2023/10/27, 18:40:15.044, 2645064850344, vstest.console.dll, TestRunRequest:TestRunComplete: Completed.
TpTrace Verbose: 0 : 10568, 10, 2023/10/27, 18:40:15.044, 2645064850624, vstest.console.dll, TestRequestSender.SetOperationComplete: Setting operation complete.
TpTrace Information: 0 : 10568, 10, 2023/10/27, 18:40:15.044, 2645064850813, vstest.console.dll, SocketServer.Stop: Stop server endPoint: 127.0.0.1:53122
TpTrace Information: 0 : 10568, 10, 2023/10/27, 18:40:15.044, 2645064850982, vstest.console.dll, SocketServer.Stop: Cancellation requested. Stopping message loop.
TpTrace Verbose: 0 : 10568, 10, 2023/10/27, 18:40:15.044, 2645064851237, vstest.console.dll, MulticastDelegateUtilities.SafeInvoke: LengthPrefixCommunicationChannel: MessageReceived: Invoking callback 1/1 for Microsoft.VisualStudio.TestPlatform.CommunicationUtilities.TestRequestSender+<>c__DisplayClass34_0., took 81 ms.
TpTrace Information: 0 : 10568, 10, 2023/10/27, 18:40:15.044, 2645064851514, vstest.console.dll, SocketServer.PrivateStop: Stopping server endPoint: 127.0.0.1:53122 error: 
TpTrace Verbose: 0 : 10568, 1, 2023/10/27, 18:40:15.044, 2645064851713, vstest.console.dll, TestRunRequest.Dispose: Starting.
TpTrace Information: 0 : 10568, 1, 2023/10/27, 18:40:15.044, 2645064852335, vstest.console.dll, TestRunRequest.Dispose: Completed.
TpTrace Information: 0 : 10568, 1, 2023/10/27, 18:40:15.044, 2645064852670, vstest.console.dll, TestRequestManager.RunTests: run tests completed.
TpTrace Information: 0 : 10568, 1, 2023/10/27, 18:40:15.044, 2645064853428, vstest.console.dll, RunTestsArgumentProcessor:Execute: Test run is completed.
TpTrace Verbose: 0 : 10568, 10, 2023/10/27, 18:40:15.044, 2645064854736, vstest.console.dll, LengthPrefixCommunicationChannel.Dispose: Dispose reader and writer.
TpTrace Verbose: 0 : 10568, 1, 2023/10/27, 18:40:15.044, 2645064854893, vstest.console.dll, Executor.Execute: Exiting with exit code of 0
TpTrace Information: 0 : 10568, 10, 2023/10/27, 18:40:15.044, 2645064855364, vstest.console.dll, SocketServer.Stop: Raise disconnected event endPoint: 127.0.0.1:53122 error: 
TpTrace Verbose: 0 : 10568, 10, 2023/10/27, 18:40:15.044, 2645064856111, vstest.console.dll, TestRequestSender: OnTestRunAbort: Operation is already complete. Skip error message.
TpTrace Verbose: 0 : 10568, 10, 2023/10/27, 18:40:15.044, 2645064856454, vstest.console.dll, MulticastDelegateUtilities.SafeInvoke: SocketServer: ClientDisconnected: Invoking callback 1/1 for Microsoft.VisualStudio.TestPlatform.CommunicationUtilities.TestRequestSender., took 0 ms.
TpTrace Verbose: 0 : 10568, 10, 2023/10/27, 18:40:15.044, 2645064856652, vstest.console.dll, TcpClientExtensions.MessageLoopAsync: exiting MessageLoopAsync remoteEndPoint: 127.0.0.1:53123 localEndPoint: 127.0.0.1:53122
