TpTrace Verbose: 0 : 6108, 1, 2023/10/27, 18:40:14.340, 2645057817334, datacollector.dll, Version: 17.5.0-release-20221220-01
TpTrace Information: 0 : 6108, 1, 2023/10/27, 18:40:14.344, 2645057851558, datacollector.dll, DataCollectorMain.Run: Starting data collector run with args: --port,53119,--parentprocessid,10568,--diag,C:\Users\Владимир\Desktop\Политех\Инфа\ООП лабы 3 семак\Готовые лабы\Лаба 9\Код\Laba_9\bin\Debug\net6.0\fine-code-coverage\coverage-tool-output\diagnostics.datacollector.23-10-27_18-40-14_23914_1.log,--tracelevel,4
TpTrace Information: 0 : 6108, 1, 2023/10/27, 18:40:14.345, 2645057861543, datacollector.dll, DataCollector: Monitoring parent process with id: '10568'
TpTrace Information: 0 : 6108, 1, 2023/10/27, 18:40:14.349, 2645057904620, datacollector.dll, Trying to connect to server on socket : 127.0.0.1:53119 
TpTrace Verbose: 0 : 6108, 1, 2023/10/27, 18:40:14.356, 2645057973358, datacollector.dll, SocketCommunicationManager : SetupClientAsync : Attempting to connect to the server.
TpTrace Information: 0 : 6108, 6, 2023/10/27, 18:40:14.362, 2645058033151, datacollector.dll, Connected to the server successfully 
TpTrace Information: 0 : 6108, 6, 2023/10/27, 18:40:14.362, 2645058033867, datacollector.dll, Using the buffer size of 16384 bytes
TpTrace Information: 0 : 6108, 1, 2023/10/27, 18:40:14.426, 2645058673836, datacollector.dll, DataCollector: Start Request Processing.
TpTrace Verbose: 0 : 6108, 1, 2023/10/27, 18:40:14.426, 2645058675992, datacollector.dll, SocketCommunicationManager.WaitForServerConnection took: 0 ms, with 90000 ms timeout, and finished with True.
TpTrace Information: 0 : 6108, 1, 2023/10/27, 18:40:14.426, 2645058678862, datacollector.dll, DataCollectionRequestHandler.ProcessRequests: Datacollector received message: (DataCollection.BeforeTestRunStart) -> {"MessageType":"DataCollection.BeforeTestRunStart","Payload":{"SettingsXml":"<RunSettings><RunConfiguration><ResultsDirectory>C:\\Users\\Владимир\\Desktop\\Политех\\Инфа\\ООП лабы 3 семак\\Готовые лабы\\Лаба 9\\Код\\Laba_9\\bin\\Debug\\net6.0\\fine-code-coverage\\coverage-tool-output</ResultsDirectory><TargetPlatform>X64</TargetPlatform><TargetFrameworkVersion>.NETCoreApp,Version=v6.0</TargetFrameworkVersion><DesignMode>False</DesignMode><CollectSourceInformation>False</CollectSourceInformation><TestAdaptersPaths>C:\\Program Files\\dotnet\\sdk\\7.0.202\\Extensions</TestAdaptersPaths></RunConfiguration><LoggerRunSettings><Loggers><Logger friendlyName=\"blame\" enabled=\"True\" /><Logger friendlyName=\"Console\" uri=\"logger://microsoft/TestPlatform/ConsoleLogger/v1\" assemblyQualifiedName=\"Microsoft.VisualStudio.TestPlatform.CommandLine.Internal.ConsoleLogger, vstest.console, Version=15.0.0.0, Culture=neutral, PublicKeyToken=b03f5f7f11d50a3a\" codeBase=\"C:\\Program Files\\dotnet\\sdk\\7.0.202\\vstest.console.dll\" enabled=\"True\" /></Loggers></LoggerRunSettings><DataCollectionRunSettings><DataCollectors><DataCollector friendlyName=\"blame\" enabled=\"True\"><Configuration><ResultsDirectory>C:\\Users\\Владимир\\Desktop\\Политех\\Инфа\\ООП лабы 3 семак\\Готовые лабы\\Лаба 9\\Код\\Laba_9\\bin\\Debug\\net6.0\\fine-code-coverage\\coverage-tool-output</ResultsDirectory></Configuration></DataCollector></DataCollectors></DataCollectionRunSettings></RunSettings>","Sources":["C:\\Users\\Владимир\\Desktop\\Политех\\Инфа\\ООП лабы 3 семак\\Готовые лабы\\Лаба 9\\Код\\Laba_9\\bin\\Debug\\net6.0\\fine-code-coverage\\build-output\\Laba_9.dll"],"IsTelemetryOptedIn":false}}
TpTrace Verbose: 0 : 6108, 1, 2023/10/27, 18:40:14.460, 2645059016677, datacollector.dll, TestPluginCache: Update extensions started. Skip filter = False
TpTrace Verbose: 0 : 6108, 1, 2023/10/27, 18:40:14.461, 2645059023278, datacollector.dll, TestPluginCache: Using directories for assembly resolution 'C:\Program Files\dotnet\sdk\7.0.202\Extensions'.
TpTrace Verbose: 0 : 6108, 1, 2023/10/27, 18:40:14.461, 2645059023975, datacollector.dll, TestPluginCache: Updated the available extensions to 'C:\Program Files\dotnet\sdk\7.0.202\Extensions\Microsoft.TestPlatform.Extensions.BlameDataCollector.dll,C:\Program Files\dotnet\sdk\7.0.202\Extensions\Microsoft.TestPlatform.Extensions.EventLogCollector.dll'.
TpTrace Verbose: 0 : 6108, 1, 2023/10/27, 18:40:14.466, 2645059077604, datacollector.dll, TestPluginCache.DiscoverTestExtensions: finding test extensions in assemblies ends with: Collector.dll TPluginInfo: Microsoft.VisualStudio.TestPlatform.Common.DataCollector.DataCollectorConfig TExtension: Microsoft.VisualStudio.TestPlatform.ObjectModel.DataCollection.DataCollector
TpTrace Verbose: 0 : 6108, 1, 2023/10/27, 18:40:14.469, 2645059103350, datacollector.dll, TestPluginCache.GetExtensionPaths: Filtered extension paths: C:\Program Files\dotnet\sdk\7.0.202\Extensions\Microsoft.TestPlatform.Extensions.BlameDataCollector.dll
C:\Program Files\dotnet\sdk\7.0.202\Extensions\Microsoft.TestPlatform.Extensions.EventLogCollector.dll
TpTrace Verbose: 0 : 6108, 1, 2023/10/27, 18:40:14.469, 2645059104290, datacollector.dll, TestPluginCache.GetExtensionPaths: Added default extension paths: 
TpTrace Verbose: 0 : 6108, 1, 2023/10/27, 18:40:14.469, 2645059104485, datacollector.dll, TestPluginCache.GetExtensionPaths: Added unfilterableExtensionPaths: 
TpTrace Information: 0 : 6108, 1, 2023/10/27, 18:40:14.469, 2645059109095, datacollector.dll, AssemblyResolver.ctor: Creating AssemblyResolver with searchDirectories C:\Program Files\dotnet\sdk\7.0.202\Extensions,C:\Program Files\dotnet\sdk\7.0.202
TpTrace Verbose: 0 : 6108, 1, 2023/10/27, 18:40:14.470, 2645059117568, datacollector.dll, TestPluginCache.DiscoverTestExtensions: Discovering the extensions using extension path.
TpTrace Verbose: 0 : 6108, 1, 2023/10/27, 18:40:14.470, 2645059118918, datacollector.dll, TestPluginCache.GetExtensionPaths: Filtered extension paths: C:\Program Files\dotnet\sdk\7.0.202\Extensions\Microsoft.TestPlatform.Extensions.BlameDataCollector.dll
C:\Program Files\dotnet\sdk\7.0.202\Extensions\Microsoft.TestPlatform.Extensions.EventLogCollector.dll
TpTrace Verbose: 0 : 6108, 1, 2023/10/27, 18:40:14.470, 2645059119192, datacollector.dll, TestPluginCache.GetExtensionPaths: Added default extension paths: 
TpTrace Verbose: 0 : 6108, 1, 2023/10/27, 18:40:14.471, 2645059119377, datacollector.dll, TestPluginCache.GetExtensionPaths: Added unfilterableExtensionPaths: 
TpTrace Verbose: 0 : 6108, 1, 2023/10/27, 18:40:14.471, 2645059119690, datacollector.dll, TestPluginCache.DiscoverTestExtensions: Discovering the extensions using allExtensionPaths: C:\Program Files\dotnet\sdk\7.0.202\Extensions\Microsoft.TestPlatform.Extensions.BlameDataCollector.dll
C:\Program Files\dotnet\sdk\7.0.202\Extensions\Microsoft.TestPlatform.Extensions.EventLogCollector.dll
TpTrace Information: 0 : 6108, 1, 2023/10/27, 18:40:14.471, 2645059120689, datacollector.dll, AssemblyResolver.AddSearchDirectories: Adding more searchDirectories C:\Program Files\dotnet\sdk\7.0.202\Extensions,C:\Program Files\dotnet\sdk\7.0.202
TpTrace Information: 0 : 6108, 1, 2023/10/27, 18:40:14.471, 2645059121133, datacollector.dll, AssemblyResolver.AddSearchDirectories: Adding more searchDirectories C:\Program Files\dotnet\sdk\7.0.202\Extensions,C:\Program Files\dotnet\sdk\7.0.202
TpTrace Information: 0 : 6108, 1, 2023/10/27, 18:40:14.471, 2645059124020, datacollector.dll, AssemblyResolver.OnResolve: Microsoft.TestPlatform.Extensions.BlameDataCollector: Resolving assembly.
TpTrace Information: 0 : 6108, 1, 2023/10/27, 18:40:14.471, 2645059124742, datacollector.dll, AssemblyResolver.OnResolve: Microsoft.TestPlatform.Extensions.BlameDataCollector: Searching in: 'C:\Program Files\dotnet\sdk\7.0.202\Extensions'.
TpTrace Information: 0 : 6108, 1, 2023/10/27, 18:40:14.478, 2645059190434, datacollector.dll, AssemblyResolver.OnResolve: Microsoft.TestPlatform.Extensions.BlameDataCollector: Loading assembly 'C:\Program Files\dotnet\sdk\7.0.202\Extensions\Microsoft.TestPlatform.Extensions.BlameDataCollector.dll'.
TpTrace Information: 0 : 6108, 1, 2023/10/27, 18:40:14.478, 2645059198003, datacollector.dll, AssemblyResolver.OnResolve: Resolved assembly: Microsoft.TestPlatform.Extensions.BlameDataCollector, from path: C:\Program Files\dotnet\sdk\7.0.202\Extensions\Microsoft.TestPlatform.Extensions.BlameDataCollector.dll
TpTrace Verbose: 0 : 6108, 1, 2023/10/27, 18:40:14.479, 2645059205811, datacollector.dll, MetadataReaderExtensionsHelper: Discovering extensions inside assembly 'Microsoft.TestPlatform.Extensions.BlameDataCollector, Version=15.0.0.0, Culture=neutral, PublicKeyToken=b03f5f7f11d50a3a' file path 'C:\Program Files\dotnet\sdk\7.0.202\Extensions\Microsoft.TestPlatform.Extensions.BlameDataCollector.dll'
TpTrace Error: 0 : 6108, 1, 2023/10/27, 18:40:14.481, 2645059228782, datacollector.dll, The type "Microsoft.TestPlatform.Extensions.BlameDataCollector.BlameCollector" defined in "Microsoft.TestPlatform.Extensions.BlameDataCollector.dll" does not have ExtensionUri attribute.
TpTrace Information: 0 : 6108, 1, 2023/10/27, 18:40:14.482, 2645059235536, datacollector.dll, GetTestExtensionFromType: Register extension with identifier data 'datacollector://microsoft/TestPlatform/Extensions/Blame/v1' and type 'Microsoft.TestPlatform.Extensions.BlameDataCollector.BlameCollector, Microsoft.TestPlatform.Extensions.BlameDataCollector, Version=15.0.0.0, Culture=neutral, PublicKeyToken=b03f5f7f11d50a3a' inside file 'C:\Program Files\dotnet\sdk\7.0.202\Extensions\Microsoft.TestPlatform.Extensions.BlameDataCollector.dll'
TpTrace Information: 0 : 6108, 1, 2023/10/27, 18:40:14.482, 2645059236389, datacollector.dll, AssemblyResolver.OnResolve: Microsoft.TestPlatform.Extensions.EventLogCollector: Resolving assembly.
TpTrace Information: 0 : 6108, 1, 2023/10/27, 18:40:14.482, 2645059236797, datacollector.dll, AssemblyResolver.OnResolve: Microsoft.TestPlatform.Extensions.EventLogCollector: Searching in: 'C:\Program Files\dotnet\sdk\7.0.202\Extensions'.
TpTrace Information: 0 : 6108, 1, 2023/10/27, 18:40:14.483, 2645059241481, datacollector.dll, AssemblyResolver.OnResolve: Microsoft.TestPlatform.Extensions.EventLogCollector: Loading assembly 'C:\Program Files\dotnet\sdk\7.0.202\Extensions\Microsoft.TestPlatform.Extensions.EventLogCollector.dll'.
TpTrace Information: 0 : 6108, 1, 2023/10/27, 18:40:14.483, 2645059245990, datacollector.dll, AssemblyResolver.OnResolve: Resolved assembly: Microsoft.TestPlatform.Extensions.EventLogCollector, from path: C:\Program Files\dotnet\sdk\7.0.202\Extensions\Microsoft.TestPlatform.Extensions.EventLogCollector.dll
TpTrace Verbose: 0 : 6108, 1, 2023/10/27, 18:40:14.483, 2645059246697, datacollector.dll, MetadataReaderExtensionsHelper: Discovering extensions inside assembly 'Microsoft.TestPlatform.Extensions.EventLogCollector, Version=15.0.0.0, Culture=neutral, PublicKeyToken=b03f5f7f11d50a3a' file path 'C:\Program Files\dotnet\sdk\7.0.202\Extensions\Microsoft.TestPlatform.Extensions.EventLogCollector.dll'
TpTrace Error: 0 : 6108, 1, 2023/10/27, 18:40:14.486, 2645059269582, datacollector.dll, The type "Microsoft.TestPlatform.Extensions.EventLogCollector.EventLogDataCollector" defined in "Microsoft.TestPlatform.Extensions.EventLogCollector.dll" does not have ExtensionUri attribute.
TpTrace Information: 0 : 6108, 1, 2023/10/27, 18:40:14.486, 2645059271173, datacollector.dll, GetTestExtensionFromType: Register extension with identifier data 'datacollector://microsoft/EventLog/2.0' and type 'Microsoft.TestPlatform.Extensions.EventLogCollector.EventLogDataCollector, Microsoft.TestPlatform.Extensions.EventLogCollector, Version=15.0.0.0, Culture=neutral, PublicKeyToken=b03f5f7f11d50a3a' inside file 'C:\Program Files\dotnet\sdk\7.0.202\Extensions\Microsoft.TestPlatform.Extensions.EventLogCollector.dll'
TpTrace Verbose: 0 : 6108, 1, 2023/10/27, 18:40:14.486, 2645059273059, datacollector.dll, TestPluginCache: Discovered the extensions using extension path 'C:\Program Files\dotnet\sdk\7.0.202\Extensions\Microsoft.TestPlatform.Extensions.BlameDataCollector.dll,C:\Program Files\dotnet\sdk\7.0.202\Extensions\Microsoft.TestPlatform.Extensions.EventLogCollector.dll'.
TpTrace Verbose: 0 : 6108, 1, 2023/10/27, 18:40:14.486, 2645059273616, datacollector.dll, TestPluginCache: Discoverers are ''.
TpTrace Verbose: 0 : 6108, 1, 2023/10/27, 18:40:14.486, 2645059273818, datacollector.dll, TestPluginCache: Executors are ''.
TpTrace Verbose: 0 : 6108, 1, 2023/10/27, 18:40:14.486, 2645059273975, datacollector.dll, TestPluginCache: Executors2 are ''.
TpTrace Verbose: 0 : 6108, 1, 2023/10/27, 18:40:14.486, 2645059274125, datacollector.dll, TestPluginCache: Setting providers are ''.
TpTrace Verbose: 0 : 6108, 1, 2023/10/27, 18:40:14.486, 2645059274274, datacollector.dll, TestPluginCache: Loggers are ''.
TpTrace Verbose: 0 : 6108, 1, 2023/10/27, 18:40:14.486, 2645059274425, datacollector.dll, TestPluginCache: TestHosts are ''.
TpTrace Verbose: 0 : 6108, 1, 2023/10/27, 18:40:14.486, 2645059275905, datacollector.dll, TestPluginCache: DataCollectors are 'datacollector://microsoft/TestPlatform/Extensions/Blame/v1,datacollector://microsoft/EventLog/2.0'.
TpTrace Information: 0 : 6108, 1, 2023/10/27, 18:40:14.487, 2645059287049, datacollector.dll, TestPluginManager.CreateTestExtension: Attempting to load test extension: Microsoft.TestPlatform.Extensions.BlameDataCollector.BlameCollector
TpTrace Information: 0 : 6108, 1, 2023/10/27, 18:40:14.491, 2645059319618, datacollector.dll, [MonitorPostmortemDump]Monitor enabled: 'False'
TpTrace Verbose: 0 : 6108, 1, 2023/10/27, 18:40:14.491, 2645059326469, datacollector.dll, MulticastDelegateUtilities.SafeInvoke: DataCollectionEvents.SessionStart: Invoking callbacks was skipped because there are no subscribers.
TpTrace Information: 0 : 6108, 1, 2023/10/27, 18:40:14.492, 2645059329808, datacollector.dll, Listening on Endpoint : 127.0.0.1:53121
TpTrace Information: 0 : 6108, 1, 2023/10/27, 18:40:14.498, 2645059395656, datacollector.dll, DataCollectionRequestHandler.ProcessRequests : DataCollection started.
TpTrace Information: 0 : 6108, 1, 2023/10/27, 18:40:14.513, 2645059543987, datacollector.dll, DataCollectionRequestHandler.ProcessRequests: Datacollector received message: (DataCollection.TestHostLaunched) -> {"MessageType":"DataCollection.TestHostLaunched","Payload":{"ProcessId":3936}}
TpTrace Verbose: 0 : 6108, 1, 2023/10/27, 18:40:14.515, 2645059560612, datacollector.dll, MulticastDelegateUtilities.SafeInvoke: DataCollectionEvents.TestHostLaunched: Invoking callback 1/1 for Microsoft.TestPlatform.Extensions.BlameDataCollector.BlameCollector., took 0 ms.
TpTrace Information: 0 : 6108, 8, 2023/10/27, 18:40:14.655, 2645060965967, datacollector.dll, Using the buffer size of 16384 bytes
TpTrace Verbose: 0 : 6108, 6, 2023/10/27, 18:40:14.655, 2645060966140, datacollector.dll, SocketCommunicationManager.WaitForClientConnection took: 160 ms, with 90000 ms timeout, and finished with True.
TpTrace Information: 0 : 6108, 8, 2023/10/27, 18:40:14.655, 2645060966887, datacollector.dll, Accepted Client request and set the flag
TpTrace Information: 0 : 6108, 6, 2023/10/27, 18:40:14.942, 2645063832149, datacollector.dll, DataCollectionTestCaseEventHandler: Test session ended
TpTrace Information: 0 : 6108, 1, 2023/10/27, 18:40:14.992, 2645064329808, datacollector.dll, DataCollectionRequestHandler.ProcessRequests: Datacollector received message: (DataCollection.AfterTestRunEnd) -> {"MessageType":"DataCollection.AfterTestRunEnd","Payload":false}
TpTrace Information: 0 : 6108, 1, 2023/10/27, 18:40:14.992, 2645064337861, datacollector.dll, Blame Collector: Session End
TpTrace Information: 0 : 6108, 1, 2023/10/27, 18:40:14.992, 2645064338396, datacollector.dll, BlameCollector.CollectDumpAndAbortTesthost: Custom path to dump directory was provided via VSTEST_DUMP_PATH. Skipping attachment upload, the caller is responsible for collecting and uploading the dumps themselves.
TpTrace Verbose: 0 : 6108, 1, 2023/10/27, 18:40:14.992, 2645064338920, datacollector.dll, MulticastDelegateUtilities.SafeInvoke: DataCollectionEvents.SessionEnd: Invoking callback 1/1 for Microsoft.TestPlatform.Extensions.BlameDataCollector.BlameCollector., took 0 ms.
TpTrace Information: 0 : 6108, 1, 2023/10/27, 18:40:14.993, 2645064344601, datacollector.dll, DataCollectionManager.CleanupPlugins: CleanupPlugins called
TpTrace Verbose: 0 : 6108, 1, 2023/10/27, 18:40:14.993, 2645064345045, datacollector.dll, DataCollectionManager.CleanupPlugins: Cleaning up 1 plugins
TpTrace Verbose: 0 : 6108, 1, 2023/10/27, 18:40:14.993, 2645064345929, datacollector.dll, dataCollectorInfo.DisposeDataCollector: calling Dispose() on Microsoft.TestPlatform.Extensions.BlameDataCollector.BlameCollector
TpTrace Information: 0 : 6108, 1, 2023/10/27, 18:40:14.993, 2645064346383, datacollector.dll, DataCollectionManager.CleanupPlugins: CleanupPlugins finished
TpTrace Information: 0 : 6108, 1, 2023/10/27, 18:40:14.998, 2645064397334, datacollector.dll, DataCollectionRequestHandler.ProcessRequests : Session End message received from server. Closing the connection.
TpTrace Information: 0 : 6108, 1, 2023/10/27, 18:40:14.999, 2645064399337, datacollector.dll, Closing the connection !
TpTrace Information: 0 : 6108, 1, 2023/10/27, 18:40:14.999, 2645064399796, datacollector.dll, DataCollectionRequestHandler.ProcessRequests : DataCollection completed
TpTrace Information: 0 : 6108, 1, 2023/10/27, 18:40:14.999, 2645064400018, datacollector.dll, Program.Main: exiting datacollector process.
