TpTrace Verbose: 0 : 8520, 1, 2023/11/30, 12:11:55.610, 20674684386926, datacollector.dll, Version: 17.5.0-release-20221220-01
TpTrace Information: 0 : 8520, 1, 2023/11/30, 12:11:55.614, 20674684422149, datacollector.dll, DataCollectorMain.Run: Starting data collector run with args: --port,49983,--parentprocessid,25252,--diag,C:\Users\Владимир\Desktop\Политех\Инфа\ООП лабы 3 семак\Готовые лабы\Лаба 9\Код\Laba_9\bin\Debug\net6.0\fine-code-coverage\coverage-tool-output\diagnostics.datacollector.23-11-30_12-11-55_44648_1.log,--tracelevel,4
TpTrace Information: 0 : 8520, 1, 2023/11/30, 12:11:55.614, 20674684424104, datacollector.dll, DataCollector: Monitoring parent process with id: '25252'
TpTrace Information: 0 : 8520, 1, 2023/11/30, 12:11:55.621, 20674684490972, datacollector.dll, Trying to connect to server on socket : 127.0.0.1:49983 
TpTrace Verbose: 0 : 8520, 1, 2023/11/30, 12:11:55.629, 20674684570872, datacollector.dll, SocketCommunicationManager : SetupClientAsync : Attempting to connect to the server.
TpTrace Information: 0 : 8520, 9, 2023/11/30, 12:11:55.637, 20674684658403, datacollector.dll, Connected to the server successfully 
TpTrace Information: 0 : 8520, 9, 2023/11/30, 12:11:55.638, 20674684659962, datacollector.dll, Using the buffer size of 16384 bytes
TpTrace Information: 0 : 8520, 1, 2023/11/30, 12:11:55.710, 20674685381709, datacollector.dll, DataCollector: Start Request Processing.
TpTrace Verbose: 0 : 8520, 1, 2023/11/30, 12:11:55.710, 20674685384314, datacollector.dll, SocketCommunicationManager.WaitForServerConnection took: 0 ms, with 90000 ms timeout, and finished with True.
TpTrace Information: 0 : 8520, 1, 2023/11/30, 12:11:55.710, 20674685386781, datacollector.dll, DataCollectionRequestHandler.ProcessRequests: Datacollector received message: (DataCollection.BeforeTestRunStart) -> {"MessageType":"DataCollection.BeforeTestRunStart","Payload":{"SettingsXml":"<RunSettings><RunConfiguration><ResultsDirectory>C:\\Users\\Владимир\\Desktop\\Политех\\Инфа\\ООП лабы 3 семак\\Готовые лабы\\Лаба 9\\Код\\Laba_9\\bin\\Debug\\net6.0\\fine-code-coverage\\coverage-tool-output</ResultsDirectory><TargetPlatform>X64</TargetPlatform><TargetFrameworkVersion>.NETCoreApp,Version=v6.0</TargetFrameworkVersion><DesignMode>False</DesignMode><CollectSourceInformation>False</CollectSourceInformation><TestAdaptersPaths>C:\\Program Files\\dotnet\\sdk\\7.0.202\\Extensions</TestAdaptersPaths></RunConfiguration><LoggerRunSettings><Loggers><Logger friendlyName=\"blame\" enabled=\"True\" /><Logger friendlyName=\"Console\" uri=\"logger://microsoft/TestPlatform/ConsoleLogger/v1\" assemblyQualifiedName=\"Microsoft.VisualStudio.TestPlatform.CommandLine.Internal.ConsoleLogger, vstest.console, Version=15.0.0.0, Culture=neutral, PublicKeyToken=b03f5f7f11d50a3a\" codeBase=\"C:\\Program Files\\dotnet\\sdk\\7.0.202\\vstest.console.dll\" enabled=\"True\" /></Loggers></LoggerRunSettings><DataCollectionRunSettings><DataCollectors><DataCollector friendlyName=\"blame\" enabled=\"True\"><Configuration><ResultsDirectory>C:\\Users\\Владимир\\Desktop\\Политех\\Инфа\\ООП лабы 3 семак\\Готовые лабы\\Лаба 9\\Код\\Laba_9\\bin\\Debug\\net6.0\\fine-code-coverage\\coverage-tool-output</ResultsDirectory></Configuration></DataCollector></DataCollectors></DataCollectionRunSettings></RunSettings>","Sources":["C:\\Users\\Владимир\\Desktop\\Политех\\Инфа\\ООП лабы 3 семак\\Готовые лабы\\Лаба 9\\Код\\Laba_9\\bin\\Debug\\net6.0\\fine-code-coverage\\build-output\\Laba_9.dll"],"IsTelemetryOptedIn":false}}
TpTrace Verbose: 0 : 8520, 1, 2023/11/30, 12:11:55.747, 20674685749949, datacollector.dll, TestPluginCache: Update extensions started. Skip filter = False
TpTrace Verbose: 0 : 8520, 1, 2023/11/30, 12:11:55.747, 20674685755573, datacollector.dll, TestPluginCache: Using directories for assembly resolution 'C:\Program Files\dotnet\sdk\7.0.202\Extensions'.
TpTrace Verbose: 0 : 8520, 1, 2023/11/30, 12:11:55.747, 20674685756099, datacollector.dll, TestPluginCache: Updated the available extensions to 'C:\Program Files\dotnet\sdk\7.0.202\Extensions\Microsoft.TestPlatform.Extensions.BlameDataCollector.dll,C:\Program Files\dotnet\sdk\7.0.202\Extensions\Microsoft.TestPlatform.Extensions.EventLogCollector.dll'.
TpTrace Verbose: 0 : 8520, 1, 2023/11/30, 12:11:55.752, 20674685806738, datacollector.dll, TestPluginCache.DiscoverTestExtensions: finding test extensions in assemblies ends with: Collector.dll TPluginInfo: Microsoft.VisualStudio.TestPlatform.Common.DataCollector.DataCollectorConfig TExtension: Microsoft.VisualStudio.TestPlatform.ObjectModel.DataCollection.DataCollector
TpTrace Verbose: 0 : 8520, 1, 2023/11/30, 12:11:55.754, 20674685828880, datacollector.dll, TestPluginCache.GetExtensionPaths: Filtered extension paths: C:\Program Files\dotnet\sdk\7.0.202\Extensions\Microsoft.TestPlatform.Extensions.BlameDataCollector.dll
C:\Program Files\dotnet\sdk\7.0.202\Extensions\Microsoft.TestPlatform.Extensions.EventLogCollector.dll
TpTrace Verbose: 0 : 8520, 1, 2023/11/30, 12:11:55.754, 20674685829486, datacollector.dll, TestPluginCache.GetExtensionPaths: Added default extension paths: 
TpTrace Verbose: 0 : 8520, 1, 2023/11/30, 12:11:55.755, 20674685829645, datacollector.dll, TestPluginCache.GetExtensionPaths: Added unfilterableExtensionPaths: 
TpTrace Information: 0 : 8520, 1, 2023/11/30, 12:11:55.755, 20674685833429, datacollector.dll, AssemblyResolver.ctor: Creating AssemblyResolver with searchDirectories C:\Program Files\dotnet\sdk\7.0.202\Extensions,C:\Program Files\dotnet\sdk\7.0.202
TpTrace Verbose: 0 : 8520, 1, 2023/11/30, 12:11:55.756, 20674685844372, datacollector.dll, TestPluginCache.DiscoverTestExtensions: Discovering the extensions using extension path.
TpTrace Verbose: 0 : 8520, 1, 2023/11/30, 12:11:55.756, 20674685845416, datacollector.dll, TestPluginCache.GetExtensionPaths: Filtered extension paths: C:\Program Files\dotnet\sdk\7.0.202\Extensions\Microsoft.TestPlatform.Extensions.BlameDataCollector.dll
C:\Program Files\dotnet\sdk\7.0.202\Extensions\Microsoft.TestPlatform.Extensions.EventLogCollector.dll
TpTrace Verbose: 0 : 8520, 1, 2023/11/30, 12:11:55.756, 20674685845650, datacollector.dll, TestPluginCache.GetExtensionPaths: Added default extension paths: 
TpTrace Verbose: 0 : 8520, 1, 2023/11/30, 12:11:55.756, 20674685845796, datacollector.dll, TestPluginCache.GetExtensionPaths: Added unfilterableExtensionPaths: 
TpTrace Verbose: 0 : 8520, 1, 2023/11/30, 12:11:55.756, 20674685846112, datacollector.dll, TestPluginCache.DiscoverTestExtensions: Discovering the extensions using allExtensionPaths: C:\Program Files\dotnet\sdk\7.0.202\Extensions\Microsoft.TestPlatform.Extensions.BlameDataCollector.dll
C:\Program Files\dotnet\sdk\7.0.202\Extensions\Microsoft.TestPlatform.Extensions.EventLogCollector.dll
TpTrace Information: 0 : 8520, 1, 2023/11/30, 12:11:55.756, 20674685846883, datacollector.dll, AssemblyResolver.AddSearchDirectories: Adding more searchDirectories C:\Program Files\dotnet\sdk\7.0.202\Extensions,C:\Program Files\dotnet\sdk\7.0.202
TpTrace Information: 0 : 8520, 1, 2023/11/30, 12:11:55.756, 20674685847267, datacollector.dll, AssemblyResolver.AddSearchDirectories: Adding more searchDirectories C:\Program Files\dotnet\sdk\7.0.202\Extensions,C:\Program Files\dotnet\sdk\7.0.202
TpTrace Information: 0 : 8520, 1, 2023/11/30, 12:11:55.757, 20674685850102, datacollector.dll, AssemblyResolver.OnResolve: Microsoft.TestPlatform.Extensions.BlameDataCollector: Resolving assembly.
TpTrace Information: 0 : 8520, 1, 2023/11/30, 12:11:55.757, 20674685850694, datacollector.dll, AssemblyResolver.OnResolve: Microsoft.TestPlatform.Extensions.BlameDataCollector: Searching in: 'C:\Program Files\dotnet\sdk\7.0.202\Extensions'.
TpTrace Information: 0 : 8520, 1, 2023/11/30, 12:11:55.764, 20674685929478, datacollector.dll, AssemblyResolver.OnResolve: Microsoft.TestPlatform.Extensions.BlameDataCollector: Loading assembly 'C:\Program Files\dotnet\sdk\7.0.202\Extensions\Microsoft.TestPlatform.Extensions.BlameDataCollector.dll'.
TpTrace Information: 0 : 8520, 1, 2023/11/30, 12:11:55.765, 20674685937543, datacollector.dll, AssemblyResolver.OnResolve: Resolved assembly: Microsoft.TestPlatform.Extensions.BlameDataCollector, from path: C:\Program Files\dotnet\sdk\7.0.202\Extensions\Microsoft.TestPlatform.Extensions.BlameDataCollector.dll
TpTrace Verbose: 0 : 8520, 1, 2023/11/30, 12:11:55.766, 20674685944576, datacollector.dll, MetadataReaderExtensionsHelper: Discovering extensions inside assembly 'Microsoft.TestPlatform.Extensions.BlameDataCollector, Version=15.0.0.0, Culture=neutral, PublicKeyToken=b03f5f7f11d50a3a' file path 'C:\Program Files\dotnet\sdk\7.0.202\Extensions\Microsoft.TestPlatform.Extensions.BlameDataCollector.dll'
TpTrace Error: 0 : 8520, 1, 2023/11/30, 12:11:55.768, 20674685965241, datacollector.dll, The type "Microsoft.TestPlatform.Extensions.BlameDataCollector.BlameCollector" defined in "Microsoft.TestPlatform.Extensions.BlameDataCollector.dll" does not have ExtensionUri attribute.
TpTrace Information: 0 : 8520, 1, 2023/11/30, 12:11:55.769, 20674685971850, datacollector.dll, GetTestExtensionFromType: Register extension with identifier data 'datacollector://microsoft/TestPlatform/Extensions/Blame/v1' and type 'Microsoft.TestPlatform.Extensions.BlameDataCollector.BlameCollector, Microsoft.TestPlatform.Extensions.BlameDataCollector, Version=15.0.0.0, Culture=neutral, PublicKeyToken=b03f5f7f11d50a3a' inside file 'C:\Program Files\dotnet\sdk\7.0.202\Extensions\Microsoft.TestPlatform.Extensions.BlameDataCollector.dll'
TpTrace Information: 0 : 8520, 1, 2023/11/30, 12:11:55.769, 20674685972580, datacollector.dll, AssemblyResolver.OnResolve: Microsoft.TestPlatform.Extensions.EventLogCollector: Resolving assembly.
TpTrace Information: 0 : 8520, 1, 2023/11/30, 12:11:55.769, 20674685972953, datacollector.dll, AssemblyResolver.OnResolve: Microsoft.TestPlatform.Extensions.EventLogCollector: Searching in: 'C:\Program Files\dotnet\sdk\7.0.202\Extensions'.
TpTrace Information: 0 : 8520, 1, 2023/11/30, 12:11:55.769, 20674685978841, datacollector.dll, AssemblyResolver.OnResolve: Microsoft.TestPlatform.Extensions.EventLogCollector: Loading assembly 'C:\Program Files\dotnet\sdk\7.0.202\Extensions\Microsoft.TestPlatform.Extensions.EventLogCollector.dll'.
TpTrace Information: 0 : 8520, 1, 2023/11/30, 12:11:55.770, 20674685983287, datacollector.dll, AssemblyResolver.OnResolve: Resolved assembly: Microsoft.TestPlatform.Extensions.EventLogCollector, from path: C:\Program Files\dotnet\sdk\7.0.202\Extensions\Microsoft.TestPlatform.Extensions.EventLogCollector.dll
TpTrace Verbose: 0 : 8520, 1, 2023/11/30, 12:11:55.770, 20674685983759, datacollector.dll, MetadataReaderExtensionsHelper: Discovering extensions inside assembly 'Microsoft.TestPlatform.Extensions.EventLogCollector, Version=15.0.0.0, Culture=neutral, PublicKeyToken=b03f5f7f11d50a3a' file path 'C:\Program Files\dotnet\sdk\7.0.202\Extensions\Microsoft.TestPlatform.Extensions.EventLogCollector.dll'
TpTrace Error: 0 : 8520, 1, 2023/11/30, 12:11:55.773, 20674686010537, datacollector.dll, The type "Microsoft.TestPlatform.Extensions.EventLogCollector.EventLogDataCollector" defined in "Microsoft.TestPlatform.Extensions.EventLogCollector.dll" does not have ExtensionUri attribute.
TpTrace Information: 0 : 8520, 1, 2023/11/30, 12:11:55.773, 20674686011632, datacollector.dll, GetTestExtensionFromType: Register extension with identifier data 'datacollector://microsoft/EventLog/2.0' and type 'Microsoft.TestPlatform.Extensions.EventLogCollector.EventLogDataCollector, Microsoft.TestPlatform.Extensions.EventLogCollector, Version=15.0.0.0, Culture=neutral, PublicKeyToken=b03f5f7f11d50a3a' inside file 'C:\Program Files\dotnet\sdk\7.0.202\Extensions\Microsoft.TestPlatform.Extensions.EventLogCollector.dll'
TpTrace Verbose: 0 : 8520, 1, 2023/11/30, 12:11:55.773, 20674686013280, datacollector.dll, TestPluginCache: Discovered the extensions using extension path 'C:\Program Files\dotnet\sdk\7.0.202\Extensions\Microsoft.TestPlatform.Extensions.BlameDataCollector.dll,C:\Program Files\dotnet\sdk\7.0.202\Extensions\Microsoft.TestPlatform.Extensions.EventLogCollector.dll'.
TpTrace Verbose: 0 : 8520, 1, 2023/11/30, 12:11:55.773, 20674686013696, datacollector.dll, TestPluginCache: Discoverers are ''.
TpTrace Verbose: 0 : 8520, 1, 2023/11/30, 12:11:55.773, 20674686013863, datacollector.dll, TestPluginCache: Executors are ''.
TpTrace Verbose: 0 : 8520, 1, 2023/11/30, 12:11:55.773, 20674686014002, datacollector.dll, TestPluginCache: Executors2 are ''.
TpTrace Verbose: 0 : 8520, 1, 2023/11/30, 12:11:55.773, 20674686014134, datacollector.dll, TestPluginCache: Setting providers are ''.
TpTrace Verbose: 0 : 8520, 1, 2023/11/30, 12:11:55.773, 20674686014267, datacollector.dll, TestPluginCache: Loggers are ''.
TpTrace Verbose: 0 : 8520, 1, 2023/11/30, 12:11:55.773, 20674686014398, datacollector.dll, TestPluginCache: TestHosts are ''.
TpTrace Verbose: 0 : 8520, 1, 2023/11/30, 12:11:55.773, 20674686015690, datacollector.dll, TestPluginCache: DataCollectors are 'datacollector://microsoft/TestPlatform/Extensions/Blame/v1,datacollector://microsoft/EventLog/2.0'.
TpTrace Information: 0 : 8520, 1, 2023/11/30, 12:11:55.774, 20674686025485, datacollector.dll, TestPluginManager.CreateTestExtension: Attempting to load test extension: Microsoft.TestPlatform.Extensions.BlameDataCollector.BlameCollector
TpTrace Information: 0 : 8520, 1, 2023/11/30, 12:11:55.778, 20674686065945, datacollector.dll, [MonitorPostmortemDump]Monitor enabled: 'False'
TpTrace Verbose: 0 : 8520, 1, 2023/11/30, 12:11:55.779, 20674686072506, datacollector.dll, MulticastDelegateUtilities.SafeInvoke: DataCollectionEvents.SessionStart: Invoking callbacks was skipped because there are no subscribers.
TpTrace Information: 0 : 8520, 1, 2023/11/30, 12:11:55.779, 20674686075458, datacollector.dll, Listening on Endpoint : 127.0.0.1:49985
TpTrace Information: 0 : 8520, 1, 2023/11/30, 12:11:55.785, 20674686137571, datacollector.dll, DataCollectionRequestHandler.ProcessRequests : DataCollection started.
TpTrace Information: 0 : 8520, 1, 2023/11/30, 12:11:55.805, 20674686335459, datacollector.dll, DataCollectionRequestHandler.ProcessRequests: Datacollector received message: (DataCollection.TestHostLaunched) -> {"MessageType":"DataCollection.TestHostLaunched","Payload":{"ProcessId":7156}}
TpTrace Verbose: 0 : 8520, 1, 2023/11/30, 12:11:55.807, 20674686355829, datacollector.dll, MulticastDelegateUtilities.SafeInvoke: DataCollectionEvents.TestHostLaunched: Invoking callback 1/1 for Microsoft.TestPlatform.Extensions.BlameDataCollector.BlameCollector., took 0 ms.
TpTrace Information: 0 : 8520, 8, 2023/11/30, 12:11:55.996, 20674688248906, datacollector.dll, Using the buffer size of 16384 bytes
TpTrace Information: 0 : 8520, 8, 2023/11/30, 12:11:55.997, 20674688251212, datacollector.dll, Accepted Client request and set the flag
TpTrace Verbose: 0 : 8520, 9, 2023/11/30, 12:11:55.996, 20674688249018, datacollector.dll, SocketCommunicationManager.WaitForClientConnection took: 214 ms, with 90000 ms timeout, and finished with True.
TpTrace Information: 0 : 8520, 9, 2023/11/30, 12:11:56.380, 20674692085261, datacollector.dll, DataCollectionTestCaseEventHandler: Test session ended
TpTrace Information: 0 : 8520, 1, 2023/11/30, 12:11:56.441, 20674692698397, datacollector.dll, DataCollectionRequestHandler.ProcessRequests: Datacollector received message: (DataCollection.AfterTestRunEnd) -> {"MessageType":"DataCollection.AfterTestRunEnd","Payload":false}
TpTrace Information: 0 : 8520, 1, 2023/11/30, 12:11:56.442, 20674692707358, datacollector.dll, Blame Collector: Session End
TpTrace Information: 0 : 8520, 1, 2023/11/30, 12:11:56.442, 20674692708603, datacollector.dll, BlameCollector.CollectDumpAndAbortTesthost: Custom path to dump directory was provided via VSTEST_DUMP_PATH. Skipping attachment upload, the caller is responsible for collecting and uploading the dumps themselves.
TpTrace Verbose: 0 : 8520, 1, 2023/11/30, 12:11:56.442, 20674692709137, datacollector.dll, MulticastDelegateUtilities.SafeInvoke: DataCollectionEvents.SessionEnd: Invoking callback 1/1 for Microsoft.TestPlatform.Extensions.BlameDataCollector.BlameCollector., took 0 ms.
TpTrace Information: 0 : 8520, 1, 2023/11/30, 12:11:56.444, 20674692720903, datacollector.dll, DataCollectionManager.CleanupPlugins: CleanupPlugins called
TpTrace Verbose: 0 : 8520, 1, 2023/11/30, 12:11:56.444, 20674692723210, datacollector.dll, DataCollectionManager.CleanupPlugins: Cleaning up 1 plugins
TpTrace Verbose: 0 : 8520, 1, 2023/11/30, 12:11:56.444, 20674692727072, datacollector.dll, dataCollectorInfo.DisposeDataCollector: calling Dispose() on Microsoft.TestPlatform.Extensions.BlameDataCollector.BlameCollector
TpTrace Information: 0 : 8520, 1, 2023/11/30, 12:11:56.444, 20674692728479, datacollector.dll, DataCollectionManager.CleanupPlugins: CleanupPlugins finished
TpTrace Information: 0 : 8520, 1, 2023/11/30, 12:11:56.453, 20674692812264, datacollector.dll, DataCollectionRequestHandler.ProcessRequests : Session End message received from server. Closing the connection.
TpTrace Information: 0 : 8520, 1, 2023/11/30, 12:11:56.453, 20674692814701, datacollector.dll, Closing the connection !
TpTrace Information: 0 : 8520, 1, 2023/11/30, 12:11:56.453, 20674692815064, datacollector.dll, DataCollectionRequestHandler.ProcessRequests : DataCollection completed
TpTrace Information: 0 : 8520, 1, 2023/11/30, 12:11:56.453, 20674692815330, datacollector.dll, Program.Main: exiting datacollector process.
